This is LuaTeX, Version 1.07.0 (TeX Live 2018)  (format=lualatex 2019.4.28)  5 JUN 2019 02:43
 restricted system commands enabled.
**Strukturfunktionen.tex
(./Strukturfunktionen.tex
LaTeX2e <2018-12-01>
Lua module: luaotfload-main 2019-02-14 2.96 luaotfload entry point
Lua module: luaotfload-init 2019-02-14 2.96 luaotfload submodule / initializatio
n
Lua module: lualibs 2019-02-14 2.64 ConTeXt Lua standard libraries.
Lua module: lualibs-extended 2019-02-14 2.64 ConTeXt Lua libraries -- extended c
ollection.
Lua module: luaotfload-log 2019-02-14 2.96 luaotfload submodule / logging
Lua module: luaotfload-parsers 2019-02-14 2.96 luaotfload submodule / filelist
Lua module: luaotfload-configuration 2019-02-14 2.96 luaotfload submodule / conf
ig file reader
luaotfload | conf : Root cache directory is /home/lars/.local/texlive/2018/texmf
-var/luatex-cache/generic/names.
luaotfload | init : Loading fontloader “fontloader-2019-02-14.lua” from kpse
-resolved path “/home/lars/.local/texlive/2018/texmf-dist/tex/luatex/luaotfloa
d/fontloader-2019-02-14.lua”.
Lua-only attribute luaotfload@state = 1
Lua-only attribute luaotfload@noligature = 2
Lua-only attribute luaotfload@syllabe = 3
luaotfload | init : Context OpenType loader version “3.107”
Inserting `luaotfload.node_processor' at position 1 in `pre_linebreak_filter'.
Inserting `luaotfload.node_processor' at position 1 in `hpack_filter'.
Lua module: luaotfload-loaders 2019-02-14 2.96 luaotfload submodule / callback h
andling
Inserting `luaotfload.define_font' at position 1 in `define_font'.
Lua module: luaotfload-database 2019-02-14 2.96 luaotfload submodule / database
Lua module: luaotfload-colors 2019-02-14 2.96 luaotfload submodule / color
Lua-only attribute luaotfload_color_attribute = 4
Lua module: luaotfload-resolvers 2019-02-14 2.96 luaotfload submodule / resolver
s
luaotfload | conf : Root cache directory is /home/lars/.local/texlive/2018/texmf
-var/luatex-cache/generic/names.
Lua module: luaotfload-features 2019-02-14 2.96 luaotfload submodule / features
Lua module: luaotfload-letterspace 2019-02-14 2.96 luaotfload submodule / color
Lua module: luaotfload-auxiliary 2019-02-14 2.96 luaotfload submodule / auxiliar
y functions
Inserting `luaotfload.aux.set_sscale_dimens' at position 1 in `luaotfload.patch_
font'.
Inserting `luaotfload.aux.patch_cambria_domh' at position 2 in `luaotfload.patch
_font'.
Inserting `luaotfload.aux.fixup_fontdata' at position 1 in `luaotfload.patch_fon
t_unsafe'.
Inserting `luaotfload.aux.set_capheight' at position 3 in `luaotfload.patch_font
'.
Inserting `luaotfload.rewrite_fontname' at position 4 in `luaotfload.patch_font'
.
luaotfload | main : initialization completed in 0.082 seconds
(/home/lars/.local/texlive/2018/texmf-dist/tex/latex/beamer/beamer.cls
Document Class: beamer 2018/12/02 v3.55 A class for typesetting presentations

(/home/lars/.local/texlive/2018/texmf-dist/tex/latex/beamer/beamerbasemodes.sty
(/home/lars/.local/texlive/2018/texmf-dist/tex/latex/etoolbox/etoolbox.sty
Package: etoolbox 2018/08/19 v2.5f e-TeX tools for LaTeX (JAW)
\etb@tempcnta=\count80
)
\beamer@tempbox=\box27
\beamer@tempcount=\count81
\c@beamerpauses=\count82

(/home/lars/.local/texlive/2018/texmf-dist/tex/latex/beamer/beamerbasedecode.st
y
\beamer@slideinframe=\count83
\beamer@minimum=\count84
)
\beamer@commentbox=\box28
\beamer@modecount=\count85
) (/home/lars/.local/texlive/2018/texmf-dist/tex/generic/oberdiek/ifpdf.sty
Package: ifpdf 2018/09/07 v3.3 Provides the ifpdf switch
)
\headdp=\dimen102
\footheight=\dimen103
\sidebarheight=\dimen104
\beamer@tempdim=\dimen105
\beamer@finalheight=\dimen106
\beamer@animht=\dimen107
\beamer@animdp=\dimen108
\beamer@animwd=\dimen109
\beamer@leftmargin=\dimen110
\beamer@rightmargin=\dimen111
\beamer@leftsidebar=\dimen112
\beamer@rightsidebar=\dimen113
\beamer@boxsize=\dimen114
\beamer@vboxoffset=\dimen115
\beamer@descdefault=\dimen116
\beamer@descriptionwidth=\dimen117
\beamer@lastskip=\skip41
\beamer@areabox=\box29
\beamer@animcurrent=\box30
\beamer@animshowbox=\box31
\beamer@sectionbox=\box32
\beamer@logobox=\box33
\beamer@linebox=\box34
\beamer@sectioncount=\count86
\beamer@subsubsectionmax=\count87
\beamer@subsectionmax=\count88
\beamer@sectionmax=\count89
\beamer@totalheads=\count90
\beamer@headcounter=\count91
\beamer@partstartpage=\count92
\beamer@sectionstartpage=\count93
\beamer@subsectionstartpage=\count94
\beamer@animationtempa=\count95
\beamer@animationtempb=\count96
\beamer@xpos=\count97
\beamer@ypos=\count98
\beamer@ypos@offset=\count99
\beamer@showpartnumber=\count100
\beamer@currentsubsection=\count101
\beamer@coveringdepth=\count102
\beamer@sectionadjust=\count103
\beamer@tocsectionnumber=\count104

(/home/lars/.local/texlive/2018/texmf-dist/tex/latex/beamer/beamerbaseoptions.s
ty (/home/lars/.local/texlive/2018/texmf-dist/tex/latex/graphics/keyval.sty
Package: keyval 2014/10/28 v1.15 key=value parser (DPC)
\KV@toks@=\toks14
))
\beamer@paperwidth=\skip42
\beamer@paperheight=\skip43

(/home/lars/.local/texlive/2018/texmf-dist/tex/latex/geometry/geometry.sty
Package: geometry 2018/04/16 v5.8 Page Geometry

(/home/lars/.local/texlive/2018/texmf-dist/tex/generic/oberdiek/ifvtex.sty
Package: ifvtex 2016/05/16 v1.6 Detect VTeX and its facilities (HO)
Package ifvtex Info: VTeX not detected.
)
(/home/lars/.local/texlive/2018/texmf-dist/tex/generic/ifxetex/ifxetex.sty
Package: ifxetex 2010/09/12 v0.6 Provides ifxetex conditional
)
\Gm@cnth=\count105
\Gm@cntv=\count106
\c@Gm@tempcnt=\count107
\Gm@bindingoffset=\dimen118
\Gm@wd@mp=\dimen119
\Gm@odd@mp=\dimen120
\Gm@even@mp=\dimen121
\Gm@layoutwidth=\dimen122
\Gm@layoutheight=\dimen123
\Gm@layouthoffset=\dimen124
\Gm@layoutvoffset=\dimen125
\Gm@dimlist=\toks15
)
(/home/lars/.local/texlive/2018/texmf-dist/tex/latex/extsizes/size9.clo
File: size9.clo 1999/11/11 v1.4a NON-Standard LaTeX file (size option)
luaotfload | db : Font names database loaded from /home/lars/.local/texlive/2018
/texmf-var/luatex-cache/generic/names/luaotfload-names.luc)
(/home/lars/.local/texlive/2018/texmf-dist/tex/latex/pgf/basiclayer/pgfcore.sty
(/home/lars/.local/texlive/2018/texmf-dist/tex/latex/graphics/graphicx.sty
Package: graphicx 2017/06/01 v1.1a Enhanced LaTeX Graphics (DPC,SPQR)

(/home/lars/.local/texlive/2018/texmf-dist/tex/latex/graphics/graphics.sty
Package: graphics 2017/06/25 v1.2c Standard LaTeX Graphics (DPC,SPQR)

(/home/lars/.local/texlive/2018/texmf-dist/tex/latex/graphics/trig.sty
Package: trig 2016/01/03 v1.10 sin cos tan (DPC)
)
(/home/lars/.local/texlive/2018/texmf-dist/tex/latex/graphics-cfg/graphics.cfg
File: graphics.cfg 2016/06/04 v1.11 sample graphics configuration
)
Package graphics Info: Driver file: luatex.def on input line 99.
(/home/lars/.local/texlive/2018/texmf-dist/tex/latex/graphics-def/luatex.def
File: luatex.def 2018/01/08 v1.0l Graphics/color driver for luatex
))
\Gin@req@height=\dimen126
\Gin@req@width=\dimen127
)
(/home/lars/.local/texlive/2018/texmf-dist/tex/latex/pgf/systemlayer/pgfsys.sty
(/home/lars/.local/texlive/2018/texmf-dist/tex/latex/pgf/utilities/pgfrcs.sty
(/home/lars/.local/texlive/2018/texmf-dist/tex/generic/pgf/utilities/pgfutil-co
mmon.tex
\pgfutil@everybye=\toks16
\pgfutil@tempdima=\dimen128
\pgfutil@tempdimb=\dimen129

(/home/lars/.local/texlive/2018/texmf-dist/tex/generic/pgf/utilities/pgfutil-co
mmon-lists.tex))
(/home/lars/.local/texlive/2018/texmf-dist/tex/generic/pgf/utilities/pgfutil-la
tex.def
\pgfutil@abb=\box35
 (/home/lars/.local/texlive/2018/texmf-dist/tex/latex/ms/everyshi.sty
Package: everyshi 2001/05/15 v3.00 EveryShipout Package (MS)
))
(/home/lars/.local/texlive/2018/texmf-dist/tex/generic/pgf/utilities/pgfrcs.cod
e.tex
(/home/lars/.local/texlive/2018/texmf-dist/tex/generic/pgf/pgf.revision.tex)
Package: pgfrcs 2019/02/02 v3.1.1 (3.1.1)
))
(/home/lars/.local/texlive/2018/texmf-dist/tex/generic/pgf/systemlayer/pgfsys.c
ode.tex
Package: pgfsys 2019/02/02 v3.1.1 (3.1.1)

(/home/lars/.local/texlive/2018/texmf-dist/tex/generic/pgf/utilities/pgfkeys.co
de.tex
\pgfkeys@pathtoks=\toks17
\pgfkeys@temptoks=\toks18

(/home/lars/.local/texlive/2018/texmf-dist/tex/generic/pgf/utilities/pgfkeysfil
tered.code.tex
\pgfkeys@tmptoks=\toks19
))
\pgf@x=\dimen130
\pgf@y=\dimen131
\pgf@xa=\dimen132
\pgf@ya=\dimen133
\pgf@xb=\dimen134
\pgf@yb=\dimen135
\pgf@xc=\dimen136
\pgf@yc=\dimen137
\w@pgf@writea=\write3
\r@pgf@reada=\read1
\c@pgf@counta=\count108
\c@pgf@countb=\count109
\c@pgf@countc=\count110
\c@pgf@countd=\count111
\t@pgf@toka=\toks20
\t@pgf@tokb=\toks21
\t@pgf@tokc=\toks22
\pgf@sys@id@count=\count112

(/home/lars/.local/texlive/2018/texmf-dist/tex/generic/pgf/systemlayer/pgf.cfg
File: pgf.cfg 2019/02/02 v3.1.1 (3.1.1)
)
Driver file for pgf: pgfsys-luatex.def

(/home/lars/.local/texlive/2018/texmf-dist/tex/generic/pgf/systemlayer/pgfsys-l
uatex.def
File: pgfsys-luatex.def 2019/02/02 v3.1.1 (3.1.1)

(/home/lars/.local/texlive/2018/texmf-dist/tex/generic/pgf/systemlayer/pgfsys-c
ommon-pdf.def
File: pgfsys-common-pdf.def 2019/02/02 v3.1.1 (3.1.1)
)))
(/home/lars/.local/texlive/2018/texmf-dist/tex/generic/pgf/systemlayer/pgfsysso
ftpath.code.tex
File: pgfsyssoftpath.code.tex 2019/02/02 v3.1.1 (3.1.1)
\pgfsyssoftpath@smallbuffer@items=\count113
\pgfsyssoftpath@bigbuffer@items=\count114
)
(/home/lars/.local/texlive/2018/texmf-dist/tex/generic/pgf/systemlayer/pgfsyspr
otocol.code.tex
File: pgfsysprotocol.code.tex 2019/02/02 v3.1.1 (3.1.1)
))
(/home/lars/.local/texlive/2018/texmf-dist/tex/latex/xcolor/xcolor.sty
Package: xcolor 2016/05/11 v2.12 LaTeX color extensions (UK)

(/home/lars/.local/texlive/2018/texmf-dist/tex/latex/graphics-cfg/color.cfg
File: color.cfg 2016/01/02 v1.6 sample color configuration
)
Package xcolor Info: Driver file: luatex.def on input line 225.
Package xcolor Info: Model `cmy' substituted by `cmy0' on input line 1348.
Package xcolor Info: Model `hsb' substituted by `rgb' on input line 1352.
Package xcolor Info: Model `RGB' extended on input line 1364.
Package xcolor Info: Model `HTML' substituted by `rgb' on input line 1366.
Package xcolor Info: Model `Hsb' substituted by `hsb' on input line 1367.
Package xcolor Info: Model `tHsb' substituted by `hsb' on input line 1368.
Package xcolor Info: Model `HSB' substituted by `hsb' on input line 1369.
Package xcolor Info: Model `Gray' substituted by `gray' on input line 1370.
Package xcolor Info: Model `wave' substituted by `hsb' on input line 1371.
)
(/home/lars/.local/texlive/2018/texmf-dist/tex/generic/pgf/basiclayer/pgfcore.c
ode.tex
Package: pgfcore 2019/02/02 v3.1.1 (3.1.1)

(/home/lars/.local/texlive/2018/texmf-dist/tex/generic/pgf/math/pgfmath.code.te
x
(/home/lars/.local/texlive/2018/texmf-dist/tex/generic/pgf/math/pgfmathcalc.cod
e.tex
(/home/lars/.local/texlive/2018/texmf-dist/tex/generic/pgf/math/pgfmathutil.cod
e.tex)
(/home/lars/.local/texlive/2018/texmf-dist/tex/generic/pgf/math/pgfmathparser.c
ode.tex
\pgfmath@dimen=\dimen138
\pgfmath@count=\count115
\pgfmath@box=\box36
\pgfmath@toks=\toks23
\pgfmath@stack@operand=\toks24
\pgfmath@stack@operation=\toks25
)
(/home/lars/.local/texlive/2018/texmf-dist/tex/generic/pgf/math/pgfmathfunction
s.code.tex
(/home/lars/.local/texlive/2018/texmf-dist/tex/generic/pgf/math/pgfmathfunction
s.basic.code.tex)
(/home/lars/.local/texlive/2018/texmf-dist/tex/generic/pgf/math/pgfmathfunction
s.trigonometric.code.tex)
(/home/lars/.local/texlive/2018/texmf-dist/tex/generic/pgf/math/pgfmathfunction
s.random.code.tex)
(/home/lars/.local/texlive/2018/texmf-dist/tex/generic/pgf/math/pgfmathfunction
s.comparison.code.tex)
(/home/lars/.local/texlive/2018/texmf-dist/tex/generic/pgf/math/pgfmathfunction
s.base.code.tex)
(/home/lars/.local/texlive/2018/texmf-dist/tex/generic/pgf/math/pgfmathfunction
s.round.code.tex)
(/home/lars/.local/texlive/2018/texmf-dist/tex/generic/pgf/math/pgfmathfunction
s.misc.code.tex)
(/home/lars/.local/texlive/2018/texmf-dist/tex/generic/pgf/math/pgfmathfunction
s.integerarithmetics.code.tex)))
(/home/lars/.local/texlive/2018/texmf-dist/tex/generic/pgf/math/pgfmathfloat.co
de.tex
\c@pgfmathroundto@lastzeros=\count116
))
(/home/lars/.local/texlive/2018/texmf-dist/tex/generic/pgf/basiclayer/pgfcorepo
ints.code.tex
File: pgfcorepoints.code.tex 2019/02/02 v3.1.1 (3.1.1)
\pgf@picminx=\dimen139
\pgf@picmaxx=\dimen140
\pgf@picminy=\dimen141
\pgf@picmaxy=\dimen142
\pgf@pathminx=\dimen143
\pgf@pathmaxx=\dimen144
\pgf@pathminy=\dimen145
\pgf@pathmaxy=\dimen146
\pgf@xx=\dimen147
\pgf@xy=\dimen148
\pgf@yx=\dimen149
\pgf@yy=\dimen150
\pgf@zx=\dimen151
\pgf@zy=\dimen152
)
(/home/lars/.local/texlive/2018/texmf-dist/tex/generic/pgf/basiclayer/pgfcorepa
thconstruct.code.tex
File: pgfcorepathconstruct.code.tex 2019/02/02 v3.1.1 (3.1.1)
\pgf@path@lastx=\dimen153
\pgf@path@lasty=\dimen154
)
(/home/lars/.local/texlive/2018/texmf-dist/tex/generic/pgf/basiclayer/pgfcorepa
thusage.code.tex
File: pgfcorepathusage.code.tex 2019/02/02 v3.1.1 (3.1.1)
\pgf@shorten@end@additional=\dimen155
\pgf@shorten@start@additional=\dimen156
)
(/home/lars/.local/texlive/2018/texmf-dist/tex/generic/pgf/basiclayer/pgfcoresc
opes.code.tex
File: pgfcorescopes.code.tex 2019/02/02 v3.1.1 (3.1.1)
\pgfpic=\box37
\pgf@hbox=\box38
\pgf@layerbox@main=\box39
\pgf@picture@serial@count=\count117
)
(/home/lars/.local/texlive/2018/texmf-dist/tex/generic/pgf/basiclayer/pgfcoregr
aphicstate.code.tex
File: pgfcoregraphicstate.code.tex 2019/02/02 v3.1.1 (3.1.1)
\pgflinewidth=\dimen157
)
(/home/lars/.local/texlive/2018/texmf-dist/tex/generic/pgf/basiclayer/pgfcoretr
ansformations.code.tex
File: pgfcoretransformations.code.tex 2019/02/02 v3.1.1 (3.1.1)
\pgf@pt@x=\dimen158
\pgf@pt@y=\dimen159
\pgf@pt@temp=\dimen160
)
(/home/lars/.local/texlive/2018/texmf-dist/tex/generic/pgf/basiclayer/pgfcorequ
ick.code.tex
File: pgfcorequick.code.tex 2019/02/02 v3.1.1 (3.1.1)
)
(/home/lars/.local/texlive/2018/texmf-dist/tex/generic/pgf/basiclayer/pgfcoreob
jects.code.tex
File: pgfcoreobjects.code.tex 2019/02/02 v3.1.1 (3.1.1)
)
(/home/lars/.local/texlive/2018/texmf-dist/tex/generic/pgf/basiclayer/pgfcorepa
thprocessing.code.tex
File: pgfcorepathprocessing.code.tex 2019/02/02 v3.1.1 (3.1.1)
)
(/home/lars/.local/texlive/2018/texmf-dist/tex/generic/pgf/basiclayer/pgfcorear
rows.code.tex
File: pgfcorearrows.code.tex 2019/02/02 v3.1.1 (3.1.1)
\pgfarrowsep=\dimen161
)
(/home/lars/.local/texlive/2018/texmf-dist/tex/generic/pgf/basiclayer/pgfcoresh
ade.code.tex
File: pgfcoreshade.code.tex 2019/02/02 v3.1.1 (3.1.1)
\pgf@max=\dimen162
\pgf@sys@shading@range@num=\count118
)
(/home/lars/.local/texlive/2018/texmf-dist/tex/generic/pgf/basiclayer/pgfcoreim
age.code.tex
File: pgfcoreimage.code.tex 2019/02/02 v3.1.1 (3.1.1)

(/home/lars/.local/texlive/2018/texmf-dist/tex/generic/pgf/basiclayer/pgfcoreex
ternal.code.tex
File: pgfcoreexternal.code.tex 2019/02/02 v3.1.1 (3.1.1)
\pgfexternal@startupbox=\box40
))
(/home/lars/.local/texlive/2018/texmf-dist/tex/generic/pgf/basiclayer/pgfcorela
yers.code.tex
File: pgfcorelayers.code.tex 2019/02/02 v3.1.1 (3.1.1)
)
(/home/lars/.local/texlive/2018/texmf-dist/tex/generic/pgf/basiclayer/pgfcoretr
ansparency.code.tex
File: pgfcoretransparency.code.tex 2019/02/02 v3.1.1 (3.1.1)
)
(/home/lars/.local/texlive/2018/texmf-dist/tex/generic/pgf/basiclayer/pgfcorepa
tterns.code.tex
File: pgfcorepatterns.code.tex 2019/02/02 v3.1.1 (3.1.1)
)
(/home/lars/.local/texlive/2018/texmf-dist/tex/generic/pgf/basiclayer/pgfcorerd
f.code.tex
File: pgfcorerdf.code.tex 2019/02/02 v3.1.1 (3.1.1)
)))
(/home/lars/.local/texlive/2018/texmf-dist/tex/latex/pgf/utilities/xxcolor.sty
Package: xxcolor 2003/10/24 ver 0.1
\XC@nummixins=\count119
\XC@countmixins=\count120
) (/home/lars/.local/texlive/2018/texmf-dist/tex/generic/oberdiek/atbegshi.sty
Package: atbegshi 2016/06/09 v1.18 At begin shipout hook (HO)

(/home/lars/.local/texlive/2018/texmf-dist/tex/generic/oberdiek/infwarerr.sty
Package: infwarerr 2016/05/16 v1.4 Providing info/warning/error messages (HO)
)
(/home/lars/.local/texlive/2018/texmf-dist/tex/generic/oberdiek/ltxcmds.sty
Package: ltxcmds 2016/05/16 v1.23 LaTeX kernel commands for general use (HO)
))
(/home/lars/.local/texlive/2018/texmf-dist/tex/latex/hyperref/hyperref.sty
Package: hyperref 2018/11/30 v6.88e Hypertext links for LaTeX

(/home/lars/.local/texlive/2018/texmf-dist/tex/generic/oberdiek/hobsub-hyperref
.sty
Package: hobsub-hyperref 2016/05/16 v1.14 Bundle oberdiek, subset hyperref (HO)

(/home/lars/.local/texlive/2018/texmf-dist/tex/generic/oberdiek/hobsub-generic.
sty
Package: hobsub-generic 2016/05/16 v1.14 Bundle oberdiek, subset generic (HO)
Package: hobsub 2016/05/16 v1.14 Construct package bundles (HO)
Package hobsub Info: Skipping package `infwarerr' (already loaded).
Package hobsub Info: Skipping package `ltxcmds' (already loaded).
Package: ifluatex 2016/05/16 v1.4 Provides the ifluatex switch (HO)
Package ifluatex Info: LuaTeX detected.
Package hobsub Info: Skipping package `ifvtex' (already loaded).
Package: intcalc 2016/05/16 v1.2 Expandable calculations with integers (HO)
Package hobsub Info: Skipping package `ifpdf' (already loaded).
Package: etexcmds 2016/05/16 v1.6 Avoid name clashes with e-TeX commands (HO)
Package: kvsetkeys 2016/05/16 v1.17 Key value parser (HO)
Package: kvdefinekeys 2016/05/16 v1.4 Define keys (HO)
Package: luatex-loader 2016/05/16 v0.6 Lua module loader (HO)

(/home/lars/.local/texlive/2018/texmf-dist/scripts/oberdiek/oberdiek.luatex.lua)
Package: pdftexcmds 2018/09/10 v0.29 Utility functions of pdfTeX for LuaTeX (HO)

Package pdftexcmds Info: \pdf@primitive is available.
Package pdftexcmds Info: \pdf@ifprimitive is available.
Package pdftexcmds Info: \pdfdraftmode found.
\pdftexcmds@toks=\toks26
Package: pdfescape 2016/05/16 v1.14 Implements pdfTeX's escape features (HO)
Package: bigintcalc 2016/05/16 v1.4 Expandable calculations on big integers (HO)

Package: bitset 2016/05/16 v1.2 Handle bit-vector datatype (HO)
Package: uniquecounter 2016/05/16 v1.3 Provide unlimited unique counter (HO)
)
Package hobsub Info: Skipping package `hobsub' (already loaded).
Package: letltxmacro 2016/05/16 v1.5 Let assignment for LaTeX macros (HO)
Package: hopatch 2016/05/16 v1.3 Wrapper for package hooks (HO)
Package: xcolor-patch 2016/05/16 xcolor patch
Package: atveryend 2016/05/16 v1.9 Hooks at the very end of document (HO)
Package hobsub Info: Skipping package `atbegshi' (already loaded).
Package: refcount 2016/05/16 v3.5 Data extraction from label references (HO)
Package: hycolor 2016/05/16 v1.8 Color options for hyperref/bookmark (HO)
) (/home/lars/.local/texlive/2018/texmf-dist/tex/latex/oberdiek/auxhook.sty
Package: auxhook 2016/05/16 v1.4 Hooks for auxiliary files (HO)
)
(/home/lars/.local/texlive/2018/texmf-dist/tex/latex/oberdiek/kvoptions.sty
Package: kvoptions 2016/05/16 v3.12 Key value format for package options (HO)
)
\@linkdim=\dimen163
\Hy@linkcounter=\count121
\Hy@pagecounter=\count122

(/home/lars/.local/texlive/2018/texmf-dist/tex/latex/hyperref/pd1enc.def
File: pd1enc.def 2018/11/30 v6.88e Hyperref: PDFDocEncoding definition (HO)
)
\Hy@SavedSpaceFactor=\count123

(/home/lars/.local/texlive/2018/texmf-dist/tex/latex/latexconfig/hyperref.cfg
File: hyperref.cfg 2002/06/06 v1.2 hyperref configuration of TeXLive
)
Package hyperref Info: Option `unicode' set `true' on input line 4393.

(/home/lars/.local/texlive/2018/texmf-dist/tex/latex/hyperref/puenc.def
File: puenc.def 2018/11/30 v6.88e Hyperref: PDF Unicode definition (HO)
)
Package hyperref Info: Option `bookmarks' set `true' on input line 4393.
Package hyperref Info: Option `bookmarksopen' set `true' on input line 4393.
Package hyperref Info: Option `implicit' set `false' on input line 4393.
Package hyperref Info: Hyper figures OFF on input line 4519.
Package hyperref Info: Link nesting OFF on input line 4524.
Package hyperref Info: Hyper index ON on input line 4527.
Package hyperref Info: Plain pages OFF on input line 4534.
Package hyperref Info: Backreferencing OFF on input line 4539.
Package hyperref Info: Implicit mode OFF; no redefinition of LaTeX internals.
Package hyperref Info: Bookmarks ON on input line 4772.
\c@Hy@tempcnt=\count124

(/home/lars/.local/texlive/2018/texmf-dist/tex/latex/url/url.sty
\Urlmuskip=\muskip10
Package: url 2013/09/16  ver 3.4  Verb mode for urls, etc.
)
LaTeX Info: Redefining \url on input line 5125.
\XeTeXLinkMargin=\dimen164
\Fld@menulength=\count125
\Field@Width=\dimen165
\Fld@charsize=\dimen166
Package hyperref Info: Hyper figures OFF on input line 6380.
Package hyperref Info: Link nesting OFF on input line 6385.
Package hyperref Info: Hyper index ON on input line 6388.
Package hyperref Info: backreferencing OFF on input line 6395.
Package hyperref Info: Link coloring OFF on input line 6400.
Package hyperref Info: Link coloring with OCG OFF on input line 6405.
Package hyperref Info: PDF/A mode OFF on input line 6410.
LaTeX Info: Redefining \ref on input line 6450.
LaTeX Info: Redefining \pageref on input line 6454.
\Hy@abspage=\count126


Package hyperref Message: Stopped early.

)
Package hyperref Info: Driver (autodetected): hluatex.
 (/home/lars/.local/texlive/2018/texmf-dist/tex/latex/hyperref/hluatex.def
File: hluatex.def 2018/11/30 v6.88e Hyperref driver for luaTeX
\Fld@listcount=\count127
\c@bookmark@seq@number=\count128

(/home/lars/.local/texlive/2018/texmf-dist/tex/latex/oberdiek/rerunfilecheck.st
y
Package: rerunfilecheck 2016/05/16 v1.8 Rerun checks for auxiliary files (HO)
Package uniquecounter Info: New unique counter `rerunfilecheck' on input line 28
2.
))
(/home/lars/.local/texlive/2018/texmf-dist/tex/latex/beamer/beamerbaserequires.
sty
(/home/lars/.local/texlive/2018/texmf-dist/tex/latex/beamer/beamerbasecompatibi
lity.sty)
(/home/lars/.local/texlive/2018/texmf-dist/tex/latex/beamer/beamerbasefont.sty
(/home/lars/.local/texlive/2018/texmf-dist/tex/latex/amsfonts/amssymb.sty
Package: amssymb 2013/01/14 v3.01 AMS font symbols

(/home/lars/.local/texlive/2018/texmf-dist/tex/latex/amsfonts/amsfonts.sty
Package: amsfonts 2013/01/14 v3.01 Basic AMSFonts support
\@emptytoks=\toks27
\symAMSa=\mathgroup4
\symAMSb=\mathgroup5
LaTeX Font Info:    Overwriting math alphabet `\mathfrak' in version `bold'
(Font)                  U/euf/m/n --> U/euf/b/n on input line 106.
))
(/home/lars/.local/texlive/2018/texmf-dist/tex/latex/sansmathaccent/sansmathacc
ent.sty
Package: sansmathaccent 2013/03/28

(/home/lars/.local/texlive/2018/texmf-dist/tex/latex/filehook/filehook.sty
Package: filehook 2011/10/12 v0.5d Hooks for input files
)))
(/home/lars/.local/texlive/2018/texmf-dist/tex/latex/beamer/beamerbasetranslato
r.sty
(/home/lars/.local/texlive/2018/texmf-dist/tex/latex/translator/translator.sty
Package: translator 2018/01/04 v1.12 Easy translation of strings in LaTeX
))
(/home/lars/.local/texlive/2018/texmf-dist/tex/latex/beamer/beamerbasemisc.sty)
(/home/lars/.local/texlive/2018/texmf-dist/tex/latex/beamer/beamerbasetwoscreen
s.sty)
(/home/lars/.local/texlive/2018/texmf-dist/tex/latex/beamer/beamerbaseoverlay.s
ty
\beamer@argscount=\count129
\beamer@lastskipcover=\skip44
\beamer@trivlistdepth=\count130
)
(/home/lars/.local/texlive/2018/texmf-dist/tex/latex/beamer/beamerbasetitle.sty
)
(/home/lars/.local/texlive/2018/texmf-dist/tex/latex/beamer/beamerbasesection.s
ty
\c@lecture=\count131
\c@part=\count132
\c@section=\count133
\c@subsection=\count134
\c@subsubsection=\count135
)
(/home/lars/.local/texlive/2018/texmf-dist/tex/latex/beamer/beamerbaseframe.sty
\beamer@framebox=\box41
\beamer@frametitlebox=\box42
\beamer@zoombox=\box43
\beamer@zoomcount=\count136
\beamer@zoomframecount=\count137
\beamer@frametextheight=\dimen167
\c@subsectionslide=\count138
\beamer@frametopskip=\skip45
\beamer@framebottomskip=\skip46
\beamer@frametopskipautobreak=\skip47
\beamer@framebottomskipautobreak=\skip48
\beamer@envbody=\toks28
\framewidth=\dimen168
\c@framenumber=\count139
)
(/home/lars/.local/texlive/2018/texmf-dist/tex/latex/beamer/beamerbaseverbatim.
sty
\beamer@verbatimfileout=\write4
)
(/home/lars/.local/texlive/2018/texmf-dist/tex/latex/beamer/beamerbaseframesize
.sty
\beamer@splitbox=\box44
\beamer@autobreakcount=\count140
\beamer@autobreaklastheight=\dimen169
\beamer@frametitletoks=\toks29
\beamer@framesubtitletoks=\toks30
)
(/home/lars/.local/texlive/2018/texmf-dist/tex/latex/beamer/beamerbaseframecomp
onents.sty
\beamer@footins=\box45
)
(/home/lars/.local/texlive/2018/texmf-dist/tex/latex/beamer/beamerbasecolor.sty
)
(/home/lars/.local/texlive/2018/texmf-dist/tex/latex/beamer/beamerbasenotes.sty
\beamer@frameboxcopy=\box46
) (/home/lars/.local/texlive/2018/texmf-dist/tex/latex/beamer/beamerbasetoc.sty
)
(/home/lars/.local/texlive/2018/texmf-dist/tex/latex/beamer/beamerbasetemplates
.sty
\beamer@sbttoks=\toks31

(/home/lars/.local/texlive/2018/texmf-dist/tex/latex/beamer/beamerbaseauxtempla
tes.sty
(/home/lars/.local/texlive/2018/texmf-dist/tex/latex/beamer/beamerbaseboxes.sty
\bmb@box=\box47
\bmb@colorbox=\box48
\bmb@boxshadow=\box49
\bmb@boxshadowball=\box50
\bmb@boxshadowballlarge=\box51
\bmb@temp=\dimen170
\bmb@dima=\dimen171
\bmb@dimb=\dimen172
\bmb@prevheight=\dimen173
)
\beamer@blockheadheight=\dimen174
))
(/home/lars/.local/texlive/2018/texmf-dist/tex/latex/beamer/beamerbaselocalstru
cture.sty
(/home/lars/.local/texlive/2018/texmf-dist/tex/latex/tools/enumerate.sty
Package: enumerate 2015/07/23 v3.00 enumerate extensions (DPC)
\@enLab=\toks32
)
\c@figure=\count141
\c@table=\count142
\abovecaptionskip=\skip49
\belowcaptionskip=\skip50
)
(/home/lars/.local/texlive/2018/texmf-dist/tex/latex/beamer/beamerbasenavigatio
n.sty
\beamer@section@min@dim=\dimen175
)
(/home/lars/.local/texlive/2018/texmf-dist/tex/latex/beamer/beamerbasetheorems.
sty (/home/lars/.local/texlive/2018/texmf-dist/tex/latex/amsmath/amsmath.sty
Package: amsmath 2018/12/01 v2.17b AMS math features
\@mathmargin=\skip51

For additional information on amsmath, use the `?' option.
(/home/lars/.local/texlive/2018/texmf-dist/tex/latex/amsmath/amstext.sty
Package: amstext 2000/06/29 v2.01 AMS text

(/home/lars/.local/texlive/2018/texmf-dist/tex/latex/amsmath/amsgen.sty
File: amsgen.sty 1999/11/30 v2.0 generic functions
\@emptytoks=\toks33
\ex@=\dimen176
))
(/home/lars/.local/texlive/2018/texmf-dist/tex/latex/amsmath/amsbsy.sty
Package: amsbsy 1999/11/29 v1.2d Bold Symbols
\pmbraise@=\dimen177
)
(/home/lars/.local/texlive/2018/texmf-dist/tex/latex/amsmath/amsopn.sty
Package: amsopn 2016/03/08 v2.02 operator names
)
\inf@bad=\count143
LaTeX Info: Redefining \frac on input line 223.
\uproot@=\count144
\leftroot@=\count145
LaTeX Info: Redefining \overline on input line 385.
\classnum@=\count146
\DOTSCASE@=\count147
LaTeX Info: Redefining \ldots on input line 482.
LaTeX Info: Redefining \dots on input line 485.
LaTeX Info: Redefining \cdots on input line 606.
\Mathstrutbox@=\box52
\strutbox@=\box53
\big@size=\dimen178
LaTeX Font Info:    Redeclaring font encoding OML on input line 729.
LaTeX Font Info:    Redeclaring font encoding OMS on input line 730.
\macc@depth=\count148
\c@MaxMatrixCols=\count149
\dotsspace@=\muskip11
\c@parentequation=\count150
\dspbrk@lvl=\count151
\tag@help=\toks34
\row@=\count152
\column@=\count153
\maxfields@=\count154
\andhelp@=\toks35
\eqnshift@=\dimen179
\alignsep@=\dimen180
\tagshift@=\dimen181
\tagwidth@=\dimen182
\totwidth@=\dimen183
\lineht@=\dimen184
\@envbody=\toks36
\multlinegap=\skip52
\multlinetaggap=\skip53
\mathdisplay@stack=\toks37
LaTeX Info: Redefining \[ on input line 2844.
LaTeX Info: Redefining \] on input line 2845.
)
(/home/lars/.local/texlive/2018/texmf-dist/tex/latex/amscls/amsthm.sty
Package: amsthm 2017/10/31 v2.20.4
\thm@style=\toks38
\thm@bodyfont=\toks39
\thm@headfont=\toks40
\thm@notefont=\toks41
\thm@headpunct=\toks42
\thm@preskip=\skip54
\thm@postskip=\skip55
\thm@headsep=\skip56
\dth@everypar=\toks43
)
\c@theorem=\count155
)
(/home/lars/.local/texlive/2018/texmf-dist/tex/latex/beamer/beamerbasethemes.st
y))
(/home/lars/.local/texlive/2018/texmf-dist/tex/latex/beamer/beamerthemedefault.
sty
(/home/lars/.local/texlive/2018/texmf-dist/tex/latex/beamer/beamerfontthemedefa
ult.sty)
(/home/lars/.local/texlive/2018/texmf-dist/tex/latex/beamer/beamercolorthemedef
ault.sty)
(/home/lars/.local/texlive/2018/texmf-dist/tex/latex/beamer/beamerinnerthemedef
ault.sty
\beamer@dima=\dimen185
\beamer@dimb=\dimen186
)
(/home/lars/.local/texlive/2018/texmf-dist/tex/latex/beamer/beamerouterthemedef
ault.sty)))
(/home/lars/.local/texlive/2018/texmf-dist/tex/latex/polyglossia/polyglossia.st
y
Package: polyglossia 2018/04/07 v1.43 Alternative to Babel for XeLaTeX and LuaLa
TeX
 (/home/lars/.local/texlive/2018/texmf-dist/tex/latex/makecmds/makecmds.sty
Package: makecmds 2009/09/03 v1.0a extra command making commands
)
(/home/lars/.local/texlive/2018/texmf-dist/tex/latex/xkeyval/xkeyval.sty
Package: xkeyval 2014/12/03 v2.7a package option processing (HA)

(/home/lars/.local/texlive/2018/texmf-dist/tex/generic/xkeyval/xkeyval.tex
(/home/lars/.local/texlive/2018/texmf-dist/tex/generic/xkeyval/xkvutils.tex
\XKV@toks=\toks44
\XKV@tempa@toks=\toks45
)
\XKV@depth=\count156
File: xkeyval.tex 2014/12/03 v2.7a key=value parser (HA)
))
(/home/lars/.local/texlive/2018/texmf-dist/tex/latex/fontspec/fontspec.sty
(/home/lars/.local/texlive/2018/texmf-dist/tex/latex/l3packages/xparse/xparse.s
ty (/home/lars/.local/texlive/2018/texmf-dist/tex/latex/l3kernel/expl3.sty
Package: expl3 2019-02-15 L3 programming layer (loader) 

(/home/lars/.local/texlive/2018/texmf-dist/tex/latex/l3kernel/expl3-code.tex
Package: expl3 2019-02-15 L3 programming layer (code)
\ucharcat@table=\catcodetable5
\c_max_int=\count157
\l_tmpa_int=\count158
\l_tmpb_int=\count159
\g_tmpa_int=\count160
\g_tmpb_int=\count161
\g__kernel_prg_map_int=\count162
\c_log_iow=\count163
\l_iow_line_count_int=\count164
\l__iow_line_target_int=\count165
\l__iow_one_indent_int=\count166
\l__iow_indent_int=\count167
\c_zero_dim=\dimen187
\c_max_dim=\dimen188
\l_tmpa_dim=\dimen189
\l_tmpb_dim=\dimen190
\g_tmpa_dim=\dimen191
\g_tmpb_dim=\dimen192
\c_zero_skip=\skip57
\c_max_skip=\skip58
\l_tmpa_skip=\skip59
\l_tmpb_skip=\skip60
\g_tmpa_skip=\skip61
\g_tmpb_skip=\skip62
\c_zero_muskip=\muskip12
\c_max_muskip=\muskip13
\l_tmpa_muskip=\muskip14
\l_tmpb_muskip=\muskip15
\g_tmpa_muskip=\muskip16
\g_tmpb_muskip=\muskip17
\l_keys_choice_int=\count168
\l__intarray_loop_int=\count169
\c__intarray_sp_dim=\dimen193
\g__intarray_font_int=\count170
\c__fp_leading_shift_int=\count171
\c__fp_middle_shift_int=\count172
\c__fp_trailing_shift_int=\count173
\c__fp_big_leading_shift_int=\count174
\c__fp_big_middle_shift_int=\count175
\c__fp_big_trailing_shift_int=\count176
\c__fp_Bigg_leading_shift_int=\count177
\c__fp_Bigg_middle_shift_int=\count178
\c__fp_Bigg_trailing_shift_int=\count179
\g__fp_array_int=\count180
\l__fp_array_loop_int=\count181
\l__sort_length_int=\count182
\l__sort_min_int=\count183
\l__sort_top_int=\count184
\l__sort_max_int=\count185
\l__sort_true_max_int=\count186
\l__sort_block_int=\count187
\l__sort_begin_int=\count188
\l__sort_end_int=\count189
\l__sort_A_int=\count190
\l__sort_B_int=\count191
\l__sort_C_int=\count192
\l__tl_analysis_normal_int=\count193
\l__tl_analysis_index_int=\count194
\l__tl_analysis_nesting_int=\count195
\l__tl_analysis_type_int=\count196
\l__regex_internal_a_int=\count197
\l__regex_internal_b_int=\count198
\l__regex_internal_c_int=\count199
\l__regex_balance_int=\count266
\l__regex_group_level_int=\count267
\l__regex_mode_int=\count268
\c__regex_cs_in_class_mode_int=\count269
\c__regex_cs_mode_int=\count270
\l__regex_catcodes_int=\count271
\l__regex_default_catcodes_int=\count272
\c__regex_catcode_L_int=\count273
\c__regex_catcode_O_int=\count274
\c__regex_catcode_A_int=\count275
\c__regex_all_catcodes_int=\count276
\l__regex_show_lines_int=\count277
\l__regex_min_state_int=\count278
\l__regex_max_state_int=\count279
\l__regex_left_state_int=\count280
\l__regex_right_state_int=\count281
\l__regex_capturing_group_int=\count282
\l__regex_min_pos_int=\count283
\l__regex_max_pos_int=\count284
\l__regex_curr_pos_int=\count285
\l__regex_start_pos_int=\count286
\l__regex_success_pos_int=\count287
\l__regex_curr_char_int=\count288
\l__regex_curr_catcode_int=\count289
\l__regex_last_char_int=\count290
\l__regex_case_changed_char_int=\count291
\l__regex_curr_state_int=\count292
\l__regex_step_int=\count293
\l__regex_min_active_int=\count294
\l__regex_max_active_int=\count295
\l__regex_replacement_csnames_int=\count296
\l__regex_match_count_int=\count297
\l__regex_min_submatch_int=\count298
\l__regex_submatch_int=\count299
\l__regex_zeroth_submatch_int=\count300
\g__regex_trace_regex_int=\count301
\c_empty_box=\box54
\l_tmpa_box=\box55
\l_tmpb_box=\box56
\g_tmpa_box=\box57
\g_tmpb_box=\box58
\l__box_top_dim=\dimen194
\l__box_bottom_dim=\dimen195
\l__box_left_dim=\dimen196
\l__box_right_dim=\dimen197
\l__box_top_new_dim=\dimen198
\l__box_bottom_new_dim=\dimen199
\l__box_left_new_dim=\dimen256
\l__box_right_new_dim=\dimen257
\l__box_internal_box=\box59
\l__coffin_internal_box=\box60
\l__coffin_internal_dim=\dimen258
\l__coffin_offset_x_dim=\dimen259
\l__coffin_offset_y_dim=\dimen260
\l__coffin_x_dim=\dimen261
\l__coffin_y_dim=\dimen262
\l__coffin_x_prime_dim=\dimen263
\l__coffin_y_prime_dim=\dimen264
\c_empty_coffin=\box61
\l__coffin_aligned_coffin=\box62
\l__coffin_aligned_internal_coffin=\box63
\l_tmpa_coffin=\box64
\l_tmpb_coffin=\box65
\g_tmpa_coffin=\box66
\g_tmpb_coffin=\box67
\c__coffin_empty_coffin=\box68
\l__coffin_display_coffin=\box69
\l__coffin_display_coord_coffin=\box70
\l__coffin_display_pole_coffin=\box71
\l__coffin_display_offset_dim=\dimen265
\l__coffin_display_x_dim=\dimen266
\l__coffin_display_y_dim=\dimen267
\g__file_internal_ior=\read2
\l__coffin_bounding_shift_dim=\dimen268
\l__coffin_left_corner_dim=\dimen269
\l__coffin_right_corner_dim=\dimen270
\l__coffin_bottom_corner_dim=\dimen271
\l__coffin_top_corner_dim=\dimen272
\l__coffin_scaled_total_height_dim=\dimen273
\l__coffin_scaled_width_dim=\dimen274
\l__seq_internal_a_int=\count302
\l__seq_internal_b_int=\count303
)
(/home/lars/.local/texlive/2018/texmf-dist/tex/latex/l3kernel/l3pdfmode.def
File: l3pdfmode.def 2019-02-15 v L3 Experimental driver: PDF mode
\l__driver_color_stack_int=\count304
))
Package: xparse 2018-10-17 L3 Experimental document command parser
\l__xparse_current_arg_int=\count305
\g__xparse_grabber_int=\count306
\l__xparse_m_args_int=\count307
\l__xparse_mandatory_args_int=\count308
\l__xparse_v_nesting_int=\count309
)
Package: fontspec 2019/02/12 v2.7b Font selection for XeLaTeX and LuaLaTeX
Lua module: fontspec 2019/02/12 2.7b Font selection for XeLaTeX and LuaLaTeX
(/home/lars/.local/texlive/2018/texmf-dist/tex/latex/fontspec/fontspec-luatex.s
ty
Package: fontspec-luatex 2019/02/12 v2.7b Font selection for XeLaTeX and LuaLaTe
X
\l__fontspec_script_int=\count310
\l__fontspec_language_int=\count311
\l__fontspec_strnum_int=\count312
\l__fontspec_tmp_int=\count313
\l__fontspec_tmpa_int=\count314
\l__fontspec_tmpb_int=\count315
\l__fontspec_tmpc_int=\count316
\l__fontspec_em_int=\count317
\l__fontspec_emdef_int=\count318
\l__fontspec_strong_int=\count319
\l__fontspec_strongdef_int=\count320
\l__fontspec_tmpa_dim=\dimen275
\l__fontspec_tmpb_dim=\dimen276
\l__fontspec_tmpc_dim=\dimen277
 (/home/lars/.local/texlive/2018/texmf-dist/tex/latex/base/fontenc.sty
Package: fontenc 2018/08/11 v2.0j Standard LaTeX package

(/home/lars/.local/texlive/2018/texmf-dist/tex/latex/base/tuenc.def
File: tuenc.def 2018/08/11 v2.0j Standard LaTeX file
LaTeX Font Info:    Redeclaring font encoding TU on input line 82.
))
(/home/lars/.local/texlive/2018/texmf-dist/tex/latex/fontspec/fontspec.cfg)
LaTeX Info: Redefining \itshape on input line 3776.
LaTeX Info: Redefining \slshape on input line 3781.
LaTeX Info: Redefining \scshape on input line 3786.
LaTeX Info: Redefining \upshape on input line 3791.
LaTeX Info: Redefining \em on input line 3821.
LaTeX Info: Redefining \emph on input line 3846.
LaTeX Font Info:    Font shape `TU/lmss/m/it' in size <9> not available
(Font)              Font shape `TU/lmss/m/sl' tried instead on input line 3896.
))
(/home/lars/.local/texlive/2018/texmf-dist/tex/luatex/luatexbase/luatexbase.sty
Package: luatexbase 2015/10/04 v1.3 luatexbase interface to LuaTeX 

(/home/lars/.local/texlive/2018/texmf-dist/tex/luatex/ctablestack/ctablestack.s
ty
Package: ctablestack 2015/10/01 v1.0 Catcode table stable support
\@catcodetablestackcnt=\count321
)
\CatcodeTableOther=\catcodetable6
\CatcodeTableExpl=\catcodetable7
)
luatex-hyphen: using data file: /home/lars/.local/texlive/2018/texmf-var/tex/gen
eric/config/language.dat.lua
Lua module: polyglossia 2013/05/11 1.3 Polyglossia)
(/home/lars/.local/texlive/2018/texmf-dist/tex/latex/polyglossia/gloss-german.l
df
File: gloss-german.ldf polyglossia: module for german
Module polyglossia Info: Language data for german
(polyglossia)            loader	loadhyph-de-1901.tex
(polyglossia)            hyphenation	
(polyglossia)            patterns	hyph-de-1901.pat.txt
(polyglossia)            righthyphenmin	2
(polyglossia)            lefthyphenmin	2
(polyglossia)            synonyms	table: 0x698ae10
(polyglossia)            patterns: hyph-de-1901.pat.txt on input line 6
Module polyglossia Info: Language german was not yet loaded; created with id 4 o
n input line 6
Module polyglossia Info: Language german already loaded; id is 4 on input line 6

Module polyglossia Info: Language data for ngerman
(polyglossia)            loader	loadhyph-de-1996.tex
(polyglossia)            hyphenation	
(polyglossia)            patterns	hyph-de-1996.pat.txt
(polyglossia)            righthyphenmin	2
(polyglossia)            lefthyphenmin	2
(polyglossia)            synonyms	table: 0x698afe0
(polyglossia)            patterns: hyph-de-1996.pat.txt on input line 68
Module polyglossia Info: Language ngerman was not yet loaded; created with id 8 
on input line 68
Module polyglossia Info: Language ngerman already loaded; id is 8 on input line 
68
 (/home/lars/.local/texlive/2018/texmf-dist/tex/latex/polyglossia/babelsh.def
File: babelsh.def 2013/04/30 Babel common definitions for shorthands
 Taken verbatim from babel.def (2013/04/15 v3.9e)
)
Package polyglossia Info: Making " an active character on input line 79.
)
Package polyglossia Info: Default language is german.
luaotfload | cache : Lookup cache loaded from /home/lars/.local/texlive/2018/tex
mf-var/luatex-cache/generic/names/luaotfload-lookup-cache.luc.
luaotfload | aux : font no 31 (nil) does not define feature smcp for script latn
 with language dflt
luaotfload | aux : no font with id 31
luaotfload | aux : font no 36 (nil) does not define feature smcp for script latn
 with language dflt
luaotfload | aux : no font with id 36
luaotfload | aux : font no 37 (nil) does not define feature smcp for script latn
 with language dflt
luaotfload | aux : no font with id 37
luaotfload | aux : font no 38 (nil) does not define feature smcp for script latn
 with language dflt
luaotfload | aux : no font with id 38

Package fontspec Info: Font family 'LibertinusMono(0)' created for font
(fontspec)             'Libertinus Mono' with options
(fontspec)             [WordSpace={1,0,0},HyphenChar=None,PunctuationSpace=WordS
pace].
(fontspec)              
(fontspec)              This font family consists of the following NFSS
(fontspec)             series/shapes:
(fontspec)              
(fontspec)             - 'normal' (m/n) with NFSS spec.:
(fontspec)             <->"LibertinusMono:mode=node;script=latn;language=DFLT;"
(fontspec)             - 'small caps'  (m/sc) with NFSS spec.: 
(fontspec)             and font adjustment code:
(fontspec)             \fontdimen 2\font =1\fontdimen 2\font \fontdimen 3\font
(fontspec)             =0\fontdimen 3\font \fontdimen 4\font =0\fontdimen
(fontspec)             4\font \fontdimen 7\font =0\fontdimen 2\font
(fontspec)             \tex_hyphenchar:D \font =-1\scan_stop: 
(fontspec)             - 'bold' (bx/n) with NFSS spec.:
(fontspec)             <->"LibertinusMono/B:mode=node;script=latn;language=DFLT;
"
(fontspec)             - 'bold small caps'  (bx/sc) with NFSS spec.: 
(fontspec)             and font adjustment code:
(fontspec)             \fontdimen 2\font =1\fontdimen 2\font \fontdimen 3\font
(fontspec)             =0\fontdimen 3\font \fontdimen 4\font =0\fontdimen
(fontspec)             4\font \fontdimen 7\font =0\fontdimen 2\font
(fontspec)             \tex_hyphenchar:D \font =-1\scan_stop: 
(fontspec)             - 'italic' (m/it) with NFSS spec.:
(fontspec)             <->"LibertinusMono/I:mode=node;script=latn;language=DFLT;
"
(fontspec)             - 'italic small caps'  (m/itsc) with NFSS spec.: 
(fontspec)             and font adjustment code:
(fontspec)             \fontdimen 2\font =1\fontdimen 2\font \fontdimen 3\font
(fontspec)             =0\fontdimen 3\font \fontdimen 4\font =0\fontdimen
(fontspec)             4\font \fontdimen 7\font =0\fontdimen 2\font
(fontspec)             \tex_hyphenchar:D \font =-1\scan_stop: 
(fontspec)             - 'bold italic' (bx/it) with NFSS spec.:
(fontspec)             <->"LibertinusMono/BI:mode=node;script=latn;language=DFLT
;"
(fontspec)             - 'bold italic small caps'  (bx/itsc) with NFSS spec.: 
(fontspec)             and font adjustment code:
(fontspec)             \fontdimen 2\font =1\fontdimen 2\font \fontdimen 3\font
(fontspec)             =0\fontdimen 3\font \fontdimen 4\font =0\fontdimen
(fontspec)             4\font \fontdimen 7\font =0\fontdimen 2\font
(fontspec)             \tex_hyphenchar:D \font =-1\scan_stop: 

LaTeX Info: Redefining \ttfamily on input line 10.
 (/home/lars/.local/texlive/2018/texmf-dist/tex/latex/csquotes/csquotes.sty
Package: csquotes 2018/04/13 v5.2d context-sensitive quotations (JAW)
\csq@reset=\count322
\csq@gtype=\count323
\csq@glevel=\count324
\csq@qlevel=\count325
\csq@maxlvl=\count326
\csq@tshold=\count327
\csq@ltx@everypar=\toks46

(/home/lars/.local/texlive/2018/texmf-dist/tex/latex/csquotes/csquotes.def
File: csquotes.def 2018/04/13 v5.2d csquotes generic definitions (JAW)
)
Package csquotes Info: Trying to load configuration file 'csquotes.cfg'...
Package csquotes Info: ... configuration file loaded successfully.

(/home/lars/.local/texlive/2018/texmf-dist/tex/latex/csquotes/csquotes.cfg
File: csquotes.cfg 
))
(/home/lars/.local/texlive/2018/texmf-dist/tex/latex/mathtools/mathtools.sty
Package: mathtools 2018/01/08 v1.21 mathematical typesetting tools

(/home/lars/.local/texlive/2018/texmf-dist/tex/latex/tools/calc.sty
Package: calc 2017/05/25 v4.3 Infix arithmetic (KKT,FJ)
\calc@Acount=\count328
\calc@Bcount=\count329
\calc@Adimen=\dimen278
\calc@Bdimen=\dimen279
\calc@Askip=\skip63
\calc@Bskip=\skip64
LaTeX Info: Redefining \setlength on input line 80.
LaTeX Info: Redefining \addtolength on input line 81.
\calc@Ccount=\count330
\calc@Cskip=\skip65
)
(/home/lars/.local/texlive/2018/texmf-dist/tex/latex/mathtools/mhsetup.sty
Package: mhsetup 2017/03/31 v1.3 programming setup (MH)
)
LaTeX Info: Thecontrolsequence`\('isalreadyrobust on input line 129.
LaTeX Info: Thecontrolsequence`\)'isalreadyrobust on input line 129.
LaTeX Info: Thecontrolsequence`\['isalreadyrobust on input line 129.
LaTeX Info: Thecontrolsequence`\]'isalreadyrobust on input line 129.
\g_MT_multlinerow_int=\count331
\l_MT_multwidth_dim=\dimen280
\origjot=\skip66
\l_MT_shortvdotswithinadjustabove_dim=\dimen281
\l_MT_shortvdotswithinadjustbelow_dim=\dimen282
\l_MT_above_intertext_sep=\dimen283
\l_MT_below_intertext_sep=\dimen284
\l_MT_above_shortintertext_sep=\dimen285
\l_MT_below_shortintertext_sep=\dimen286
)
(/home/lars/.local/texlive/2018/texmf-dist/tex/latex/oberdiek/bookmark.sty
Package: bookmark 2016/05/17 v1.26 PDF bookmarks (HO)

(/home/lars/.local/texlive/2018/texmf-dist/tex/latex/oberdiek/bkm-pdftex.def
File: bkm-pdftex.def 2016/05/17 v1.26 bookmark driver for pdfTeX (HO)
\BKM@id=\count332
))
(./beamerthemetudo.sty
Package: beamerthemetudo 2019/01/29
Package hyperref Info: Option `colorlinks' set `true' on input line 8.

(/home/lars/.local/texlive/2018/texmf-dist/tex/latex/beamer/beamerfontthemeprof
essionalfonts.sty)
(/home/lars/.local/texlive/2018/texmf-dist/tex/latex/unicode-math/unicode-math.
sty
Package: unicode-math 2019/02/15 v0.8n Unicode maths in XeLaTeX and LuaLaTeX

(/home/lars/.local/texlive/2018/texmf-dist/tex/latex/unicode-math/unicode-math-
luatex.sty
Package: unicode-math-luatex 2019/02/15 v0.8n Unicode maths in XeLaTeX and LuaLa
TeX

(/home/lars/.local/texlive/2018/texmf-dist/tex/latex/l3packages/l3keys2e/l3keys
2e.sty
Package: l3keys2e 2018-10-17 LaTeX2e option processing using LaTeX3 keys
) (/home/lars/.local/texlive/2018/texmf-dist/tex/latex/base/fix-cm.sty
Package: fix-cm 2015/01/14 v1.1t fixes to LaTeX

(/home/lars/.local/texlive/2018/texmf-dist/tex/latex/base/ts1enc.def
File: ts1enc.def 2001/06/05 v3.0e (jk/car/fm) Standard LaTeX file
))
(/home/lars/.local/texlive/2018/texmf-dist/tex/lualatex/lualatex-math/lualatex-
math.sty
Package: lualatex-math 2019/01/21 v1.8 Patches for mathematics typesetting with 
LuaLaTeX
Lua module: lualatex-math 2013/08/03 1.3 Patches for mathematics typesetting wit
h LuaLaTeX

Package lualatex-math Info: I'm going to patch macro \subarray.


Package lualatex-math Info: I'm going to patch macro \frac .


Package lualatex-math Info: I'm going to patch macro \genfrac .


Package lualatex-math Info: I'm going to patch macro \MT_cramped_internal:Nn.

)
\g__um_fam_int=\count333
\g__um_fonts_used_int=\count334
\l__um_primecount_int=\count335
\g__um_primekern_muskip=\muskip18

(/home/lars/.local/texlive/2018/texmf-dist/tex/latex/unicode-math/unicode-math-
table.tex)

Package unicode-math Warning: I'm going to overwrite the following commands
(unicode-math)                from the `mathtools' package: 
(unicode-math)                 
(unicode-math)                     \dblcolon, \coloneqq, \Coloneqq, \eqqcolon.
(unicode-math)                
(unicode-math)                 
(unicode-math)                 Note that since I won't overwrite the other
(unicode-math)                colon-like commands, using them will lead to
(unicode-math)                inconsistencies.


Package unicode-math Info: I'm going to patch macro \plainroot@.


Package unicode-math Info: I'm going to patch macro \r@@t.

))
luaotfload | db : Reload initiated (formats: otf,ttf,ttc); reason: "Font Akkurat
 Light Office not found.".
luaotfload | resolve : sequence of 3 lookups yielded nothing appropriate.

Package fontspec Info: FiraSansLight scale = 0.8240911831637913.


Package fontspec Info: Could not resolve font "FiraSansMedium/I" (it probably
(fontspec)             doesn't exist).


Package fontspec Info: Could not resolve font "FiraSansLight/BI" (it probably
(fontspec)             doesn't exist).


Package fontspec Info: Could not resolve font "FiraSansLight/I" (it probably
(fontspec)             doesn't exist).


Package fontspec Info: FiraSansLight scale = 0.8240911831637913.


Package fontspec Info: FiraSansLight scale = 0.8240911831637913.


Package fontspec Info: FiraSansMedium scale = 0.8147440684321688.


Package fontspec Info: FiraSansMedium scale = 0.8147440684321688.


Package fontspec Info: Font family 'FiraSansLight(0)' created for font
(fontspec)             'FiraSans Light' with options
(fontspec)             [Ligatures=TeX,Scale=MatchLowercase,BoldFont=FiraSans
(fontspec)             Medium].
(fontspec)              
(fontspec)              This font family consists of the following NFSS
(fontspec)             series/shapes:
(fontspec)              
(fontspec)             - 'normal' (m/n) with NFSS spec.:
(fontspec)             <->s*[0.8240911831637913]"FiraSansLight:mode=node;script=
latn;language=DFLT;+tlig;"
(fontspec)             - 'small caps'  (m/sc) with NFSS spec.:
(fontspec)             <->s*[0.8240911831637913]"FiraSansLight:mode=node;script=
latn;language=DFLT;+tlig;+smcp;"
(fontspec)             - 'bold' (bx/n) with NFSS spec.:
(fontspec)             <->s*[0.8147440684321688]"FiraSansMedium:mode=node;script
=latn;language=DFLT;+tlig;"
(fontspec)             - 'bold small caps'  (bx/sc) with NFSS spec.:
(fontspec)             <->s*[0.8147440684321688]"FiraSansMedium:mode=node;script
=latn;language=DFLT;+tlig;+smcp;"

LaTeX Info: Redefining \sffamily on input line 44.

Package fontspec Info: FiraSansLight scale = 0.8240911831637913.


Package fontspec Info: Could not resolve font "FiraSansMedium/I" (it probably
(fontspec)             doesn't exist).


Package fontspec Info: Could not resolve font "FiraSansLight/BI" (it probably
(fontspec)             doesn't exist).


Package fontspec Info: Could not resolve font "FiraSansLight/I" (it probably
(fontspec)             doesn't exist).


Package fontspec Info: FiraSansLight scale = 0.8240911831637913.


Package fontspec Info: FiraSansLight scale = 0.8240911831637913.


Package fontspec Info: FiraSansMedium scale = 0.8147440684321688.


Package fontspec Info: FiraSansMedium scale = 0.8147440684321688.


Package fontspec Info: Font family 'FiraSansLight(1)' created for font
(fontspec)             'FiraSans Light' with options
(fontspec)             [Renderer=Basic,Scale=MatchLowercase,BoldFont=FiraSans
(fontspec)             Medium].
(fontspec)              
(fontspec)              This font family consists of the following NFSS
(fontspec)             series/shapes:
(fontspec)              
(fontspec)             - 'normal' (m/n) with NFSS spec.:
(fontspec)             <->s*[0.8240911831637913]"FiraSansLight:mode=base;script=
latn;language=DFLT;"
(fontspec)             - 'small caps'  (m/sc) with NFSS spec.:
(fontspec)             <->s*[0.8240911831637913]"FiraSansLight:mode=base;script=
latn;language=DFLT;+smcp;"
(fontspec)             - 'bold' (bx/n) with NFSS spec.:
(fontspec)             <->s*[0.8147440684321688]"FiraSansMedium:mode=base;script
=latn;language=DFLT;"
(fontspec)             - 'bold small caps'  (bx/sc) with NFSS spec.:
(fontspec)             <->s*[0.8147440684321688]"FiraSansMedium:mode=base;script
=latn;language=DFLT;+smcp;"

LaTeX Font Info:    Overwriting math alphabet `\mathsf' in version `normal'
(Font)                  OT1/cmss/m/n --> TU/FiraSansLight(1)/m/n on input line 4
4.
LaTeX Font Info:    Overwriting math alphabet `\mathsf' in version `bold'
(Font)                  OT1/cmss/bx/n --> TU/FiraSansLight(1)/bx/n on input line
 44.
LaTeX Font Info:    Font shape `TU/FiraSansLight(0)/m/n' will be
(Font)              scaled to size 7.41687pt on input line 44.

Package fontspec Info: FiraMono scale = 0.8178370013865789.


Package fontspec Info: Could not resolve font "FiraMono/BI" (it probably
(fontspec)             doesn't exist).


Package fontspec Info: Could not resolve font "FiraMono/I" (it probably
(fontspec)             doesn't exist).


Package fontspec Info: FiraMono scale = 0.8178370013865789.

luaotfload | aux : font no 46 (nil) does not define feature smcp for script latn
 with language dflt
luaotfload | aux : no font with id 46

Package fontspec Info: FiraMono/B scale = 0.8116744413260664.

luaotfload | aux : font no 49 (nil) does not define feature smcp for script latn
 with language dflt
luaotfload | aux : no font with id 49

Package fontspec Info: Font family 'FiraMono(0)' created for font 'Fira Mono'
(fontspec)             with options
(fontspec)             [WordSpace={1,0,0},HyphenChar=None,PunctuationSpace=WordS
pace,Scale=MatchLowercase].
(fontspec)              
(fontspec)              This font family consists of the following NFSS
(fontspec)             series/shapes:
(fontspec)              
(fontspec)             - 'normal' (m/n) with NFSS spec.:
(fontspec)             <->s*[0.8178370013865789]"FiraMono:mode=node;script=latn;
language=DFLT;"
(fontspec)             - 'small caps'  (m/sc) with NFSS spec.: 
(fontspec)             and font adjustment code:
(fontspec)             \fontdimen 2\font =1\fontdimen 2\font \fontdimen 3\font
(fontspec)             =0\fontdimen 3\font \fontdimen 4\font =0\fontdimen
(fontspec)             4\font \fontdimen 7\font =0\fontdimen 2\font
(fontspec)             \tex_hyphenchar:D \font =-1\scan_stop: 
(fontspec)             - 'bold' (bx/n) with NFSS spec.:
(fontspec)             <->s*[0.8116744413260664]"FiraMono/B:mode=node;script=lat
n;language=DFLT;"
(fontspec)             - 'bold small caps'  (bx/sc) with NFSS spec.: 
(fontspec)             and font adjustment code:
(fontspec)             \fontdimen 2\font =1\fontdimen 2\font \fontdimen 3\font
(fontspec)             =0\fontdimen 3\font \fontdimen 4\font =0\fontdimen
(fontspec)             4\font \fontdimen 7\font =0\fontdimen 2\font
(fontspec)             \tex_hyphenchar:D \font =-1\scan_stop: 

LaTeX Info: Redefining \ttfamily on input line 45.

Package fontspec Info: FiraMono scale = 0.8178370013865789.


Package fontspec Info: Could not resolve font "FiraMono/BI" (it probably
(fontspec)             doesn't exist).


Package fontspec Info: Could not resolve font "FiraMono/I" (it probably
(fontspec)             doesn't exist).


Package fontspec Info: FiraMono scale = 0.8178370013865789.

luaotfload | aux : font no 46 (nil) does not define feature smcp for script latn
 with language dflt
luaotfload | aux : no font with id 46

Package fontspec Info: FiraMono/B scale = 0.8116744413260664.

luaotfload | aux : font no 49 (nil) does not define feature smcp for script latn
 with language dflt
luaotfload | aux : no font with id 49

Package fontspec Info: Font family 'FiraMono(1)' created for font 'Fira Mono'
(fontspec)             with options [Renderer=Basic,Scale=MatchLowercase].
(fontspec)              
(fontspec)              This font family consists of the following NFSS
(fontspec)             series/shapes:
(fontspec)              
(fontspec)             - 'normal' (m/n) with NFSS spec.:
(fontspec)             <->s*[0.8178370013865789]"FiraMono:mode=base;script=latn;
language=DFLT;"
(fontspec)             - 'small caps'  (m/sc) with NFSS spec.: 
(fontspec)             - 'bold' (bx/n) with NFSS spec.:
(fontspec)             <->s*[0.8116744413260664]"FiraMono/B:mode=base;script=lat
n;language=DFLT;"
(fontspec)             - 'bold small caps'  (bx/sc) with NFSS spec.: 

LaTeX Font Info:    Overwriting math alphabet `\mathtt' in version `normal'
(Font)                  OT1/cmtt/m/n --> TU/FiraMono(1)/m/n on input line 45.
LaTeX Font Info:    Overwriting math alphabet `\mathtt' in version `bold'
(Font)                  OT1/cmtt/m/n --> TU/FiraMono(1)/bx/n on input line 45.

Package fontspec Info: FiraMath scale = 0.8178370013865789.


Package fontspec Info: Could not resolve font "FiraMath/B" (it probably
(fontspec)             doesn't exist).


Package fontspec Info: FiraMath scale = 0.8178370013865789.


Package fontspec Info: Font family 'FiraMath(0)' created for font 'Fira Math'
(fontspec)             with options
(fontspec)             [Renderer=Basic,BoldItalicFont={},ItalicFont={},SmallCaps
Font={},Script=Math,FontAdjustment={\__um_luatex_copy_fontdimens:
(fontspec)             },Scale={MatchLowercase}].
(fontspec)              
(fontspec)              This font family consists of the following NFSS
(fontspec)             series/shapes:
(fontspec)              
(fontspec)             - 'normal' (m/n) with NFSS spec.:
(fontspec)             <->s*[0.8178370013865789]"FiraMath:mode=base;script=math;
language=DFLT;"
(fontspec)             - 'small caps'  (m/sc) with NFSS spec.: 
(fontspec)             and font adjustment code:
(fontspec)             \__um_luatex_copy_fontdimens: 

LaTeX Font Info:    Font shape `TU/FiraMath(0)/m/n' will be
(Font)              scaled to size 7.36057pt on input line 46.

Package fontspec Info: FiraMath scale = 0.8178370013865789.


Package fontspec Info: Could not resolve font "FiraMath/B" (it probably
(fontspec)             doesn't exist).


Package fontspec Info: FiraMath scale = 0.8178370013865789.


Package fontspec Info: FiraMath scale = 0.8178370013865789.


Package fontspec Info: FiraMath scale = 0.8178370013865789.


Package fontspec Info: Font family 'FiraMath(1)' created for font 'Fira Math'
(fontspec)             with options
(fontspec)             [Renderer=Basic,BoldItalicFont={},ItalicFont={},SmallCaps
Font={},Script=Math,SizeFeatures={{Size=8.1-},{Size=6.3-8.1,Font=Fira
(fontspec)             Math,Style=MathScript},{Size=-6.3,Font=Fira
(fontspec)             Math,Style=MathScriptScript}},FontAdjustment={\__um_luate
x_copy_fontdimens:
(fontspec)             },Scale={MatchLowercase}].
(fontspec)              
(fontspec)              This font family consists of the following NFSS
(fontspec)             series/shapes:
(fontspec)              
(fontspec)             - 'normal' (m/n) with NFSS spec.:
(fontspec)             <8.1->s*[0.8178370013865789]"FiraMath:mode=base;script=ma
th;language=DFLT;"<6.3-8.1>s*[0.8178370013865789]"FiraMath:mode=base;script=math
;language=DFLT;+ssty=0;"<-6.3>s*[0.8178370013865789]"FiraMath:mode=base;script=m
ath;language=DFLT;+ssty=1;"
(fontspec)             - 'small caps'  (m/sc) with NFSS spec.: 
(fontspec)             and font adjustment code:
(fontspec)             \__um_luatex_copy_fontdimens: 

LaTeX Font Info:    Font shape `TU/FiraMath(1)/m/n' will be
(Font)              scaled to size 7.36057pt on input line 46.
LaTeX Font Info:    Encoding `OT1' has changed to `TU' for symbol font
(Font)              `operators' in the math version `normal' on input line 46.
LaTeX Font Info:    Overwriting symbol font `operators' in version `normal'
(Font)                  OT1/cmr/m/n --> TU/FiraMath(1)/m/n on input line 46.
LaTeX Font Info:    Encoding `OT1' has changed to `TU' for symbol font
(Font)              `operators' in the math version `bold' on input line 46.
LaTeX Font Info:    Overwriting symbol font `operators' in version `bold'
(Font)                  OT1/cmr/bx/n --> TU/FiraMath(1)/bx/n on input line 46.

Package fontspec Info: FiraMath scale = 0.8178370013865789.


Package fontspec Info: FiraMath scale = 0.8178451797565928.


Package fontspec Info: Could not resolve font "FiraMath/B" (it probably
(fontspec)             doesn't exist).


Package fontspec Info: FiraMath scale = 0.8178370013865789.


Package fontspec Info: FiraMath scale = 0.8178451797565928.


Package fontspec Info: FiraMath scale = 0.8178370013865789.


Package fontspec Info: FiraMath scale = 0.8178451797565928.


Package fontspec Info: FiraMath scale = 0.8178370013865789.


Package fontspec Info: FiraMath scale = 0.8178451797565928.


Package fontspec Info: Font family 'FiraMath(2)' created for font 'Fira Math'
(fontspec)             with options
(fontspec)             [Renderer=Basic,BoldItalicFont={},ItalicFont={},SmallCaps
Font={},Script=Math,SizeFeatures={{Size=8.1-},{Size=6.3-8.1,Font=Fira
(fontspec)             Math,Style=MathScript},{Size=-6.3,Font=Fira
(fontspec)             Math,Style=MathScriptScript}},FontAdjustment={\__um_luate
x_copy_fontdimens:
(fontspec)             },Scale={MatchLowercase},ScaleAgain=1.00001,FontAdjustmen
t={\fontdimen
(fontspec)             8\font =4.26912pt\relax \fontdimen 9\font
(fontspec)             =3.31224pt\relax \fontdimen 10\font =3.31224pt\relax
(fontspec)             \fontdimen 11\font =5.15239pt\relax \fontdimen 12\font
(fontspec)             =3.53307pt\relax \fontdimen 13\font =2.94421pt\relax
(fontspec)             \fontdimen 14\font =2.94421pt\relax \fontdimen 15\font
(fontspec)             =1.98735pt\relax \fontdimen 16\font =2.57619pt\relax
(fontspec)             \fontdimen 17\font =2.57619pt\relax \fontdimen 18\font
(fontspec)             =2.6498pt\relax \fontdimen 19\font =1.84013pt\relax
(fontspec)             \fontdimen 22\font =2.06094pt\relax \fontdimen 20\font
(fontspec)             =0pt\relax \fontdimen 21\font =0pt\relax }].
(fontspec)              
(fontspec)              This font family consists of the following NFSS
(fontspec)             series/shapes:
(fontspec)              
(fontspec)             - 'normal' (m/n) with NFSS spec.:
(fontspec)             <8.1->s*[0.8178451797565928]"FiraMath:mode=base;script=ma
th;language=DFLT;"<6.3-8.1>s*[0.8178451797565928]"FiraMath:mode=base;script=math
;language=DFLT;+ssty=0;"<-6.3>s*[0.8178451797565928]"FiraMath:mode=base;script=m
ath;language=DFLT;+ssty=1;"
(fontspec)             - 'small caps'  (m/sc) with NFSS spec.: 
(fontspec)             and font adjustment code:
(fontspec)             \__um_luatex_copy_fontdimens: \fontdimen 8\font
(fontspec)             =4.26912pt\relax \fontdimen 9\font =3.31224pt\relax
(fontspec)             \fontdimen 10\font =3.31224pt\relax \fontdimen 11\font
(fontspec)             =5.15239pt\relax \fontdimen 12\font =3.53307pt\relax
(fontspec)             \fontdimen 13\font =2.94421pt\relax \fontdimen 14\font
(fontspec)             =2.94421pt\relax \fontdimen 15\font =1.98735pt\relax
(fontspec)             \fontdimen 16\font =2.57619pt\relax \fontdimen 17\font
(fontspec)             =2.57619pt\relax \fontdimen 18\font =2.6498pt\relax
(fontspec)             \fontdimen 19\font =1.84013pt\relax \fontdimen 22\font
(fontspec)             =2.06094pt\relax \fontdimen 20\font =0pt\relax
(fontspec)             \fontdimen 21\font =0pt\relax 

LaTeX Font Info:    Encoding `OMS' has changed to `TU' for symbol font
(Font)              `symbols' in the math version `normal' on input line 46.
LaTeX Font Info:    Overwriting symbol font `symbols' in version `normal'
(Font)                  OMS/cmsy/m/n --> TU/FiraMath(2)/m/n on input line 46.
LaTeX Font Info:    Encoding `OMS' has changed to `TU' for symbol font
(Font)              `symbols' in the math version `bold' on input line 46.
LaTeX Font Info:    Overwriting symbol font `symbols' in version `bold'
(Font)                  OMS/cmsy/b/n --> TU/FiraMath(2)/bx/n on input line 46.

Package fontspec Info: FiraMath scale = 0.8178370013865789.


Package fontspec Info: FiraMath scale = 0.817828823016565.


Package fontspec Info: Could not resolve font "FiraMath/B" (it probably
(fontspec)             doesn't exist).


Package fontspec Info: FiraMath scale = 0.8178370013865789.


Package fontspec Info: FiraMath scale = 0.817828823016565.


Package fontspec Info: FiraMath scale = 0.8178370013865789.


Package fontspec Info: FiraMath scale = 0.817828823016565.


Package fontspec Info: FiraMath scale = 0.8178370013865789.


Package fontspec Info: FiraMath scale = 0.817828823016565.


Package fontspec Info: Font family 'FiraMath(3)' created for font 'Fira Math'
(fontspec)             with options
(fontspec)             [Renderer=Basic,BoldItalicFont={},ItalicFont={},SmallCaps
Font={},Script=Math,SizeFeatures={{Size=8.1-},{Size=6.3-8.1,Font=Fira
(fontspec)             Math,Style=MathScript},{Size=-6.3,Font=Fira
(fontspec)             Math,Style=MathScriptScript}},FontAdjustment={\__um_luate
x_copy_fontdimens:
(fontspec)             },Scale={MatchLowercase},ScaleAgain=0.99999,FontAdjustmen
t={\fontdimen
(fontspec)             8\font =0.5594pt\relax \fontdimen 9\font
(fontspec)             =1.10408pt\relax \fontdimen 10\font =1.10408pt\relax
(fontspec)             \fontdimen 11\font =1.10408pt\relax \fontdimen 12\font
(fontspec)             =4.41634pt\relax \fontdimen 13\font =0pt\relax }].
(fontspec)              
(fontspec)              This font family consists of the following NFSS
(fontspec)             series/shapes:
(fontspec)              
(fontspec)             - 'normal' (m/n) with NFSS spec.:
(fontspec)             <8.1->s*[0.817828823016565]"FiraMath:mode=base;script=mat
h;language=DFLT;"<6.3-8.1>s*[0.817828823016565]"FiraMath:mode=base;script=math;l
anguage=DFLT;+ssty=0;"<-6.3>s*[0.817828823016565]"FiraMath:mode=base;script=math
;language=DFLT;+ssty=1;"
(fontspec)             - 'small caps'  (m/sc) with NFSS spec.: 
(fontspec)             and font adjustment code:
(fontspec)             \__um_luatex_copy_fontdimens: \fontdimen 8\font
(fontspec)             =0.5594pt\relax \fontdimen 9\font =1.10408pt\relax
(fontspec)             \fontdimen 10\font =1.10408pt\relax \fontdimen 11\font
(fontspec)             =1.10408pt\relax \fontdimen 12\font =4.41634pt\relax
(fontspec)             \fontdimen 13\font =0pt\relax 

LaTeX Font Info:    Encoding `OMX' has changed to `TU' for symbol font
(Font)              `largesymbols' in the math version `normal' on input line 46
.
LaTeX Font Info:    Overwriting symbol font `largesymbols' in version `normal'
(Font)                  OMX/cmex/m/n --> TU/FiraMath(3)/m/n on input line 46.
LaTeX Font Info:    Encoding `OMX' has changed to `TU' for symbol font
(Font)              `largesymbols' in the math version `bold' on input line 46.
LaTeX Font Info:    Overwriting symbol font `largesymbols' in version `bold'
(Font)                  OMX/cmex/m/n --> TU/FiraMath(3)/bx/n on input line 46.
LaTeX Font Info:    Font shape `TU/FiraMath(1)/m/n' will be
(Font)              scaled to size 5.88844pt on input line 46.
LaTeX Font Info:    Font shape `TU/FiraMath(1)/m/n' will be
(Font)              scaled to size 4.41632pt on input line 46.
LaTeX Font Info:    Font shape `TU/FiraMath(2)/m/n' will be
(Font)              scaled to size 7.36057pt on input line 46.
LaTeX Font Info:    Font shape `TU/FiraMath(2)/m/n' will be
(Font)              scaled to size 5.88844pt on input line 46.
LaTeX Font Info:    Font shape `TU/FiraMath(2)/m/n' will be
(Font)              scaled to size 4.41632pt on input line 46.
LaTeX Font Info:    Font shape `TU/FiraMath(3)/m/n' will be
(Font)              scaled to size 7.36043pt on input line 46.
LaTeX Font Info:    Font shape `TU/FiraMath(3)/m/n' will be
(Font)              scaled to size 5.88834pt on input line 46.
LaTeX Font Info:    Font shape `TU/FiraMath(3)/m/n' will be
(Font)              scaled to size 4.41624pt on input line 46.
LaTeX Font Info:    Try loading font information for U+msa on input line 46.
 (/home/lars/.local/texlive/2018/texmf-dist/tex/latex/amsfonts/umsa.fd
File: umsa.fd 2013/01/14 v3.01 AMS symbols A
)
LaTeX Font Info:    Try loading font information for U+msb on input line 46.

(/home/lars/.local/texlive/2018/texmf-dist/tex/latex/amsfonts/umsb.fd
File: umsb.fd 2013/01/14 v3.01 AMS symbols B
)
\headerheight=\skip67
)
Package csquotes Info: Checking for multilingual support...
Package csquotes Info: ... found 'polyglossia' package.
Package csquotes Info: Adjusting default style.
Package csquotes Info: Redefining alias 'default' -> 'german'.

(./build/Strukturfunktionen.aux
luatex-hyphen: loading patterns and exceptions for: german (\language4)
luatex-hyphen: info: no hyphenation exceptions for this language
Module polyglossia Info: Language ngerman already loaded; id is 8 on input line 
21
)
\openout1 = Strukturfunktionen.aux

LaTeX Font Info:    Checking defaults for OML/cmm/m/it on input line 43.
LaTeX Font Info:    ... okay on input line 43.
LaTeX Font Info:    Checking defaults for T1/cmr/m/n on input line 43.
LaTeX Font Info:    ... okay on input line 43.
LaTeX Font Info:    Checking defaults for OT1/cmr/m/n on input line 43.
LaTeX Font Info:    ... okay on input line 43.
LaTeX Font Info:    Checking defaults for OMS/cmsy/m/n on input line 43.
LaTeX Font Info:    ... okay on input line 43.
LaTeX Font Info:    Checking defaults for TU/lmr/m/n on input line 43.
LaTeX Font Info:    ... okay on input line 43.
LaTeX Font Info:    Checking defaults for OMX/cmex/m/n on input line 43.
LaTeX Font Info:    ... okay on input line 43.
LaTeX Font Info:    Checking defaults for U/cmr/m/n on input line 43.
LaTeX Font Info:    ... okay on input line 43.
LaTeX Font Info:    Checking defaults for PD1/pdf/m/n on input line 43.
LaTeX Font Info:    ... okay on input line 43.
LaTeX Font Info:    Checking defaults for PU/pdf/m/n on input line 43.
LaTeX Font Info:    ... okay on input line 43.
LaTeX Font Info:    Checking defaults for TS1/cmr/m/n on input line 43.
LaTeX Font Info:    ... okay on input line 43.

*geometry* driver: auto-detecting
*geometry* detected driver: luatex
*geometry* verbose mode - [ preamble ] result:
* driver: luatex
* paper: custom
* layout: <same size as paper>
* layoutoffset:(h,v)=(0.0pt,0.0pt)
* modes: includehead includefoot 
* h-part:(L,W,R)=(15.0pt, 425.24408pt, 15.0pt)
* v-part:(T,H,B)=(0.0pt, 284.52756pt, 0.0pt)
* \paperwidth=455.24408pt
* \paperheight=284.52756pt
* \textwidth=425.24408pt
* \textheight=256.07483pt
* \oddsidemargin=-57.26999pt
* \evensidemargin=-57.26999pt
* \topmargin=-72.26999pt
* \headheight=14.22636pt
* \headsep=0.0pt
* \topskip=9.0pt
* \footskip=14.22636pt
* \marginparwidth=4.0pt
* \marginparsep=10.0pt
* \columnsep=10.0pt
* \skip\footins=8.0pt plus 4.0pt minus 2.0pt
* \hoffset=0.0pt
* \voffset=0.0pt
* \mag=1000
* \@twocolumnfalse
* \@twosidefalse
* \@mparswitchfalse
* \@reversemarginfalse
* (1in=72.27pt=25.4mm, 1cm=28.453pt)

(/home/lars/.local/texlive/2018/texmf-dist/tex/context/base/mkii/supp-pdf.mkii
[Loading MPS to PDF converter (version 2006.09.02).]
\scratchcounter=\count336
\scratchdimen=\dimen287
\scratchbox=\box72
\nofMPsegments=\count337
\nofMParguments=\count338
\everyMPshowfont=\toks47
\MPscratchCnt=\count339
\MPscratchDim=\dimen288
\MPnumerator=\count340
\makeMPintoPDFobject=\count341
\everyMPtoPDFconversion=\toks48
)
(/home/lars/.local/texlive/2018/texmf-dist/tex/latex/oberdiek/epstopdf-base.sty
Package: epstopdf-base 2016/05/15 v2.6 Base part for package epstopdf
(/home/lars/.local/texlive/2018/texmf-dist/tex/latex/oberdiek/grfext.sty
Package: grfext 2016/05/16 v1.2 Manage graphics extensions (HO)
)
Package epstopdf-base Info: Redefining graphics rule for `.eps' on input line 43
8.
Package grfext Info: Graphics extension search list:
(grfext)             [.pdf,.png,.jpg,.mps,.jpeg,.jbig2,.jb2,.PDF,.PNG,.JPG,.JPEG
,.JBIG2,.JB2,.eps]
(grfext)             \AppendGraphicsExtensions on input line 456.

(/home/lars/.local/texlive/2018/texmf-dist/tex/latex/latexconfig/epstopdf-sys.c
fg
File: epstopdf-sys.cfg 2010/07/13 v1.3 Configuration of (r)epstopdf for TeX Live

)) ABD: EveryShipout initializing macros
\AtBeginShipoutBox=\box73
Package hyperref Info: Link coloring ON on input line 43.

(/home/lars/.local/texlive/2018/texmf-dist/tex/latex/hyperref/nameref.sty
Package: nameref 2016/05/21 v2.44 Cross-referencing by name of section

(/home/lars/.local/texlive/2018/texmf-dist/tex/generic/oberdiek/gettitlestring.
sty
Package: gettitlestring 2016/05/16 v1.5 Cleanup title references (HO)
)
\c@section@level=\count342
)
LaTeX Info: Redefining \ref on input line 43.
LaTeX Info: Redefining \pageref on input line 43.
LaTeX Info: Redefining \nameref on input line 43.

(/home/lars/.local/texlive/2018/texmf-dist/tex/latex/translator/translator-basi
c-dictionary-English.dict
Dictionary: translator-basic-dictionary, Language: English 
)
(/home/lars/.local/texlive/2018/texmf-dist/tex/latex/translator/translator-bibl
iography-dictionary-English.dict
Dictionary: translator-bibliography-dictionary, Language: English 
)
(/home/lars/.local/texlive/2018/texmf-dist/tex/latex/translator/translator-envi
ronment-dictionary-English.dict
Dictionary: translator-environment-dictionary, Language: English 
)
(/home/lars/.local/texlive/2018/texmf-dist/tex/latex/translator/translator-mont
hs-dictionary-English.dict
Dictionary: translator-months-dictionary, Language: English 
)
(/home/lars/.local/texlive/2018/texmf-dist/tex/latex/translator/translator-numb
ers-dictionary-English.dict
Dictionary: translator-numbers-dictionary, Language: English 
)
(/home/lars/.local/texlive/2018/texmf-dist/tex/latex/translator/translator-theo
rem-dictionary-English.dict
Dictionary: translator-theorem-dictionary, Language: English 
)
Module polyglossia Info: Language ngerman already loaded; id is 8 on input line 
43
LaTeX Font Info:    Overwriting math alphabet `\mathrm' in version `normal'
(Font)                  TU/FiraMath(1)/m/n --> TU/lmr/m/n on input line 43.
LaTeX Font Info:    Overwriting math alphabet `\mathit' in version `normal'
(Font)                  OT1/cmr/m/it --> TU/lmr/m/it on input line 43.
LaTeX Font Info:    Overwriting math alphabet `\mathbf' in version `normal'
(Font)                  OT1/cmr/bx/n --> TU/lmr/bx/n on input line 43.


Package unicode-math Warning: Using \overbracket and \underbracket from
(unicode-math)                `mathtools' package.
(unicode-math)                 
(unicode-math)                 Use \Uoverbracket and \Uunderbracket for
(unicode-math)                original `unicode-math' definition.

(./build/Strukturfunktionen.nav)
LaTeX Font Info:    Font shape `TU/FiraSansLight(0)/m/n' will be
(Font)              scaled to size 4.12048pt on input line 43.
LaTeX Font Info:    Font shape `TU/FiraSansLight(0)/bx/n' will be
(Font)              scaled to size 4.07372pt on input line 43.
<logos/tu.pdf, id=13, 340.27126pt x 55.20625pt>
File: logos/tu.pdf Graphic file (type pdf)
<use logos/tu.pdf>
Package luatex.def Info: logos/tu.pdf  used on input line 43.
(luatex.def)             Requested size: 140.30132pt x 22.76271pt.
LaTeX Font Info:    Font shape `TU/FiraSansLight(0)/m/n' will be
(Font)              scaled to size 8.24097pt on input line 43.
LaTeX Font Info:    Font shape `TU/FiraSansLight(0)/m/n' will be
(Font)              scaled to size 11.86697pt on input line 45.
LaTeX Font Info:    Font shape `TU/FiraSansLight(0)/bx/n' will be
(Font)              scaled to size 11.73228pt on input line 45.
LaTeX Font Info:    Font shape `TU/FiraSansLight(0)/m/n' will be
(Font)              scaled to size 9.02385pt on input line 45.
LaTeX Font Info:    Font shape `TU/FiraSansLight(0)/bx/n' will be
(Font)              scaled to size 8.14743pt on input line 45.
LaTeX Font Info:    Font shape `TU/FiraSansLight(0)/m/n' will be
(Font)              scaled to size 3.29639pt on input line 45.
File: logos/tu.pdf Graphic file (type pdf)
<use logos/tu.pdf>
Package luatex.def Info: logos/tu.pdf  used on input line 45.
(luatex.def)             Requested size: 140.30132pt x 22.76271pt.
 [1{/home/lars/.local/texlive/2018/texmf-var/fonts/map/pdftex/updmap/pdftex.map}

<./logos/tu.pdf>]
(./build/Strukturfunktionen.toc
Module polyglossia Info: Language ngerman already loaded; id is 8 on input line 
1
LaTeX Font Info:    Font shape `TU/FiraSansLight(0)/bx/n' will be
(Font)              scaled to size 7.33269pt on input line 2.
)
File: logos/tu.pdf Graphic file (type pdf)
<use logos/tu.pdf>
Package luatex.def Info: logos/tu.pdf  used on input line 50.
(luatex.def)             Requested size: 140.30132pt x 22.76271pt.
 [2

]
<images/atom.png, id=64, 564.1075pt x 326.21875pt>
File: images/atom.png Graphic file (type png)
<use images/atom.png>
Package luatex.def Info: images/atom.png  used on input line 70.
(luatex.def)             Requested size: 170.09503pt x 98.36414pt.
File: logos/tu.pdf Graphic file (type pdf)
<use logos/tu.pdf>
Package luatex.def Info: logos/tu.pdf  used on input line 70.
(luatex.def)             Requested size: 140.30132pt x 22.76271pt.
LaTeX Font Info:    Font shape `TU/FiraSansLight(0)/m/n' will be
(Font)              scaled to size 6.59277pt on input line 70.
 [3

<./images/Atom.png>]
<images/Proton.png, id=76, 746.79pt x 746.79pt>
File: images/Proton.png Graphic file (type png)
<use images/Proton.png>
Package luatex.def Info: images/Proton.png  used on input line 99.
(luatex.def)             Requested size: 170.09503pt x 170.09439pt.
LaTeX Font Info:    Font shape `TU/FiraSansLight(0)/m/n' will be
(Font)              scaled to size 5.93349pt on input line 99.
LaTeX Font Info:    Font shape `TU/FiraSansLight(0)/m/n' will be
(Font)              scaled to size 4.4501pt on input line 99.
File: logos/tu.pdf Graphic file (type pdf)
<use logos/tu.pdf>
Package luatex.def Info: logos/tu.pdf  used on input line 99.
(luatex.def)             Requested size: 140.30132pt x 22.76271pt.
 [4

<./images/Proton.png>]
<images/Rutherford1.png, id=87, 617.30624pt x 515.9275pt>
File: images/Rutherford1.png Graphic file (type png)
<use images/Rutherford1.png>
Package luatex.def Info: images/Rutherford1.png  used on input line 129.
(luatex.def)             Requested size: 170.09503pt x 142.15997pt.
LaTeX Font Info:    Font shape `TU/FiraSansLight(0)/bx/n' will be
(Font)              scaled to size 6.51794pt on input line 129.
File: logos/tu.pdf Graphic file (type pdf)
<use logos/tu.pdf>
Package luatex.def Info: logos/tu.pdf  used on input line 129.
(luatex.def)             Requested size: 140.30132pt x 22.76271pt.
 [5

<./images/Rutherford1.png>]
<images/Streuung.png, id=97, 614.295pt x 648.4225pt>
File: images/Streuung.png Graphic file (type png)
<use images/Streuung.png>
Package luatex.def Info: images/Streuung.png  used on input line 147.
(luatex.def)             Requested size: 170.09503pt x 179.53865pt.
File: logos/tu.pdf Graphic file (type pdf)
<use logos/tu.pdf>
Package luatex.def Info: logos/tu.pdf  used on input line 147.
(luatex.def)             Requested size: 140.30132pt x 22.76271pt.
 [6

<./images/Streuung.png>]
<images/ee-scattering.png, id=108, 243.91125pt x 253.94875pt>
File: images/ee-scattering.png Graphic file (type png)
<use images/ee-scattering.png>
Package luatex.def Info: images/ee-scattering.png  used on input line 169.
(luatex.def)             Requested size: 73.17393pt x 76.1852pt.
File: logos/tu.pdf Graphic file (type pdf)
<use logos/tu.pdf>
Package luatex.def Info: logos/tu.pdf  used on input line 169.
(luatex.def)             Requested size: 140.30132pt x 22.76271pt.
 [7

<./images/ee-scattering.png>]
File: logos/tu.pdf Graphic file (type pdf)
<use logos/tu.pdf>
Package luatex.def Info: logos/tu.pdf  used on input line 183.
(luatex.def)             Requested size: 140.30132pt x 22.76271pt.
 [8

]
<images/Form.png, id=126, 547.04375pt x 594.22pt>
File: images/Form.png Graphic file (type png)
<use images/Form.png>
Package luatex.def Info: images/Form.png  used on input line 189.
(luatex.def)             Requested size: 191.46817pt x 207.98012pt.
File: logos/tu.pdf Graphic file (type pdf)
<use logos/tu.pdf>
Package luatex.def Info: logos/tu.pdf  used on input line 189.
(luatex.def)             Requested size: 140.30132pt x 22.76271pt.
 [9

<./images/Form.png>]
<images/Ladungsverteilung.png, id=136, 963.6pt x 410.53375pt>
File: images/Ladungsverteilung.png Graphic file (type png)
<use images/Ladungsverteilung.png>
Package luatex.def Info: images/Ladungsverteilung.png  used on input line 194.
(luatex.def)             Requested size: 385.43317pt x 164.21059pt.
File: logos/tu.pdf Graphic file (type pdf)
<use logos/tu.pdf>
Package luatex.def Info: logos/tu.pdf  used on input line 194.
(luatex.def)             Requested size: 140.30132pt x 22.76271pt.
 [10

<./images/Ladungsverteilung.png>]
File: logos/tu.pdf Graphic file (type pdf)
<use logos/tu.pdf>
Package luatex.def Info: logos/tu.pdf  used on input line 204.
(luatex.def)             Requested size: 140.30132pt x 22.76271pt.
[11

]
File: logos/tu.pdf Graphic file (type pdf)
<use logos/tu.pdf>
Package luatex.def Info: logos/tu.pdf  used on input line 224.
(luatex.def)             Requested size: 140.30132pt x 22.76271pt.
 [12

]
<images/inelastic.png, id=163, 977.6525pt x 560.0925pt>
File: images/inelastic.png Graphic file (type png)
<use images/inelastic.png>
Package luatex.def Info: images/inelastic.png  used on input line 234.
(luatex.def)             Requested size: 297.66956pt x 170.53311pt.
File: logos/tu.pdf Graphic file (type pdf)
<use logos/tu.pdf>
Package luatex.def Info: logos/tu.pdf  used on input line 234.
(luatex.def)             Requested size: 140.30132pt x 22.76271pt.
 [13

<./images/inelastic.png>]
<images/ep-deep-inelastic-scattering-1.jpg, id=173, 2642.87375pt x 1485.55pt>
File: images/ep-deep-inelastic-scattering-1.jpg Graphic file (type jpg)
<use images/ep-deep-inelastic-scattering-1.jpg>
Package luatex.def Info: images/ep-deep-inelastic-scattering-1.jpg  used on inpu
t line 242.
(luatex.def)             Requested size: 297.66956pt x 167.30983pt.
File: logos/tu.pdf Graphic file (type pdf)
<use logos/tu.pdf>
Package luatex.def Info: logos/tu.pdf  used on input line 242.
(luatex.def)             Requested size: 140.30132pt x 22.76271pt.
 [14

<./images/ep-deep-inelastic-scattering-1.jpg>]
File: logos/tu.pdf Graphic file (type pdf)
<use logos/tu.pdf>
Package luatex.def Info: logos/tu.pdf  used on input line 260.
(luatex.def)             Requested size: 140.30132pt x 22.76271pt.
 [15

]
File: logos/tu.pdf Graphic file (type pdf)
<use logos/tu.pdf>
Package luatex.def Info: logos/tu.pdf  used on input line 276.
(luatex.def)             Requested size: 140.30132pt x 22.76271pt.
 [16

]
<images/ariel2.jpg, id=198, 433.62pt x 293.59688pt>
File: images/ariel2.jpg Graphic file (type jpg)
<use images/ariel2.jpg>
Package luatex.def Info: images/ariel2.jpg  used on input line 308.
(luatex.def)             Requested size: 191.36177pt x 129.56828pt.
File: logos/tu.pdf Graphic file (type pdf)
<use logos/tu.pdf>
Package luatex.def Info: logos/tu.pdf  used on input line 308.
(luatex.def)             Requested size: 140.30132pt x 22.76271pt.
 [17

<./images/ariel2.jpg>]
<images/Bjorken-1.png, id=207, 815.045pt x 692.5875pt>
File: images/Bjorken-1.png Graphic file (type png)
<use images/Bjorken-1.png>
Package luatex.def Info: images/Bjorken-1.png  used on input line 331.
(luatex.def)             Requested size: 153.0874pt x 130.08176pt.
<images/Bjorken-2.png, id=208, 696.6025pt x 269.005pt>
File: images/Bjorken-2.png Graphic file (type png)
<use images/Bjorken-2.png>
Package luatex.def Info: images/Bjorken-2.png  used on input line 331.
(luatex.def)             Requested size: 153.0874pt x 59.1156pt.

Overfull \vbox (4.68019pt too high) detected at line 331
 []

File: logos/tu.pdf Graphic file (type pdf)
<use logos/tu.pdf>
Package luatex.def Info: logos/tu.pdf  used on input line 331.
(luatex.def)             Requested size: 140.30132pt x 22.76271pt.
[18

<./images/Bjorken-1.png><./images/Bjorken-2.png>]
<images/DESY.jpg, id=217, 284.5029pt x 180.1932pt>
File: images/DESY.jpg Graphic file (type jpg)
<use images/DESY.jpg>
Package luatex.def Info: images/DESY.jpg  used on input line 341.
(luatex.def)             Requested size: 297.66956pt x 188.53204pt.
File: logos/tu.pdf Graphic file (type pdf)
<use logos/tu.pdf>
Package luatex.def Info: logos/tu.pdf  used on input line 341.
(luatex.def)             Requested size: 140.30132pt x 22.76271pt.
 [19

<./images/DESY.jpg>]
<images/hera.png, id=225, 499.8675pt x 472.76625pt>
File: images/hera.png Graphic file (type png)
<use images/hera.png>
Package luatex.def Info: images/hera.png  used on input line 371.
(luatex.def)             Requested size: 153.09097pt x 144.78864pt.
File: logos/tu.pdf Graphic file (type pdf)
<use logos/tu.pdf>
Package luatex.def Info: logos/tu.pdf  used on input line 371.
(luatex.def)             Requested size: 140.30132pt x 22.76271pt.

[20

<./images/hera.png>]
File: logos/tu.pdf Graphic file (type pdf)
<use logos/tu.pdf>
Package luatex.def Info: logos/tu.pdf  used on input line 382.
(luatex.def)             Requested size: 140.30132pt x 22.76271pt.
 [21

]
<images/Zeus.png, id=243, 1459.4525pt x 891.33pt>
File: images/Zeus.png Graphic file (type png)
<use images/Zeus.png>
Package luatex.def Info: images/Zeus.png  used on input line 415.
(luatex.def)             Requested size: 204.12pt x 124.66293pt.
File: logos/tu.pdf Graphic file (type pdf)
<use logos/tu.pdf>
Package luatex.def Info: logos/tu.pdf  used on input line 415.
(luatex.def)             Requested size: 140.30132pt x 22.76271pt.
 [22

<./images/Zeus.png>]
<images/Zeus-Real.jpeg, id=253, 192.72pt x 144.54pt>
File: images/Zeus-Real.jpeg Graphic file (type jpg)
<use images/Zeus-Real.jpeg>
Package luatex.def Info: images/Zeus-Real.jpeg  used on input line 422.
(luatex.def)             Requested size: 255.14903pt x 191.36238pt.
File: logos/tu.pdf Graphic file (type pdf)
<use logos/tu.pdf>
Package luatex.def Info: logos/tu.pdf  used on input line 422.
(luatex.def)             Requested size: 140.30132pt x 22.76271pt.
 [23

<./images/Zeus-Real.jpeg>]
File: logos/tu.pdf Graphic file (type pdf)
<use logos/tu.pdf>
Package luatex.def Info: logos/tu.pdf  used on input line 434.
(luatex.def)             Requested size: 140.30132pt x 22.76271pt.
 [24

]
<images/H1.png, id=270, 1083.04625pt x 756.8275pt>
File: images/H1.png Graphic file (type png)
<use images/H1.png>
Package luatex.def Info: images/H1.png  used on input line 459.
(luatex.def)             Requested size: 229.63257pt x 160.46283pt.
File: logos/tu.pdf Graphic file (type pdf)
<use logos/tu.pdf>
Package luatex.def Info: logos/tu.pdf  used on input line 459.
(luatex.def)             Requested size: 140.30132pt x 22.76271pt.
 [25

<./images/H1.png>]
<images/ep-vx.png, id=281, 775.89874pt x 659.46375pt>
File: images/ep-vx.png Graphic file (type png)
<use images/ep-vx.png>
Package luatex.def Info: images/ep-vx.png  used on input line 467.
(luatex.def)             Requested size: 212.62204pt x 180.71411pt.
File: logos/tu.pdf Graphic file (type pdf)
<use logos/tu.pdf>
Package luatex.def Info: logos/tu.pdf  used on input line 467.
(luatex.def)             Requested size: 140.30132pt x 22.76271pt.
 [26

<./images/ep-vX.png>]
warning  (file images/H1_detector.jpg) (readjpg): Exif resolution  230dpi x 230d
pi differs from the input resolution 72dpi x 72dpi
<images/H1_detector.jpg, id=291, 361.97844pt x 271.48383pt>
File: images/H1_detector.jpg Graphic file (type jpg)
<use images/H1_detector.jpg>
Package luatex.def Info: images/H1_detector.jpg  used on input line 474.
(luatex.def)             Requested size: 276.40605pt x 207.30746pt.
File: logos/tu.pdf Graphic file (type pdf)
<use logos/tu.pdf>
Package luatex.def Info: logos/tu.pdf  used on input line 474.
(luatex.def)             Requested size: 140.30132pt x 22.76271pt.
[27

<./images/H1_detector.jpg
warning  (readjpg): Exif resolution  230dpi x 230dpi differs from the input reso
lution 72dpi x 72dpi
>]
<images/Skalen.png, id=300, 658.46pt x 792.9625pt>
File: images/Skalen.png Graphic file (type png)
<use images/Skalen.png>
Package luatex.def Info: images/Skalen.png  used on input line 498.
(luatex.def)             Requested size: 163.71916pt x 197.16327pt.

Overfull \vbox (1.30003pt too high) detected at line 498
 []

File: logos/tu.pdf Graphic file (type pdf)
<use logos/tu.pdf>
Package luatex.def Info: logos/tu.pdf  used on input line 498.
(luatex.def)             Requested size: 140.30132pt x 22.76271pt.
[28

<./images/Skalen.png>]
<images/Proton-PDF.png, id=309, 805.0075pt x 500.87125pt>
File: images/Proton-PDF.png Graphic file (type png)
<use images/Proton-PDF.png>
Package luatex.def Info: images/Proton-PDF.png  used on input line 525.
(luatex.def)             Requested size: 241.50412pt x 150.26253pt.

Overfull \hbox (7.61859pt too wide) in paragraph at lines 525--525
 [] 
 []

File: logos/tu.pdf Graphic file (type pdf)
<use logos/tu.pdf>
Package luatex.def Info: logos/tu.pdf  used on input line 525.
(luatex.def)             Requested size: 140.30132pt x 22.76271pt.
[29

<./images/Proton-PDF.png>]
<images/Experimente.png, id=318, 498.86375pt x 489.83pt>
File: images/Experimente.png Graphic file (type png)
<use images/Experimente.png>
Package luatex.def Info: images/Experimente.png  used on input line 533.
(luatex.def)             Requested size: 174.60492pt x 171.44305pt.
File: logos/tu.pdf Graphic file (type pdf)
<use logos/tu.pdf>
Package luatex.def Info: logos/tu.pdf  used on input line 533.
(luatex.def)             Requested size: 140.30132pt x 22.76271pt.
 [30

<./images/Experimente.png>]
<images/proton-courier.png, id=327, 521.95pt x 550.055pt>
File: images/proton-courier.png Graphic file (type png)
<use images/proton-courier.png>
Package luatex.def Info: images/proton-courier.png  used on input line 558.
(luatex.def)             Requested size: 178.60353pt x 188.21645pt.
File: logos/tu.pdf Graphic file (type pdf)
<use logos/tu.pdf>
Package luatex.def Info: logos/tu.pdf  used on input line 558.
(luatex.def)             Requested size: 140.30132pt x 22.76271pt.
 [31

<./images/proton-courier.png>]
LaTeX Font Info:    Font shape `TU/FiraSansLight(0)/m/n' will be
(Font)              scaled to size 14.24039pt on input line 563.
File: logos/tu.pdf Graphic file (type pdf)
<use logos/tu.pdf>
Package luatex.def Info: logos/tu.pdf  used on input line 563.
(luatex.def)             Requested size: 140.30132pt x 22.76271pt.
 [32

]
\tf@nav=\write5

\openout5 = Strukturfunktionen.nav
\tf@toc=\write6

\openout6 = Strukturfunktionen.toc
\tf@snm=\write7

\openout7 = Strukturfunktionen.snm
Package atveryend Info: Empty hook `BeforeClearDocument' on input line 565.
Package atveryend Info: Empty hook `AfterLastShipout' on input line 565.
 (./build/Strukturfunktionen.aux
Module polyglossia Info: Language ngerman already loaded; id is 8 on input line 
21
)
Package atveryend Info: Executing hook `AtVeryEndDocument' on input line 565.
Package atveryend Info: Empty hook `AtEndAfterFileList' on input line 565.
)

Here is how much of LuaTeX's memory you used:
 39124 strings out of 494383
 100000,1144653 words of node,token memory allocated
 1947 words of node memory still in use:
   31 hlist, 8 vlist, 5 rule, 8 disc, 5 local_par, 40 glue, 24 kern, 13 penalty,
 55 glyph, 42 attribute, 66 glue_spec, 42 attribute_list, 3 write, 8 pdf_colorst
ack, 1 pdf_setmatrix, 1 pdf_save, 1 pdf_restore nodes
   avail lists: 1:3,2:649,3:215,4:252,5:313,6:55,7:1557,8:71,9:397,10:13,11:121,
12:1
 41526 multiletter control sequences out of 65536+600000
 81 fonts using 20968831 bytes
 64i,18n,132p,784b,796s stack positions out of 5000i,500n,10000p,200000b,100000s
</home/lars/.local/texlive/2018/texmf-dist/fonts/opentype/public/firamath/FiraMa
th-Regular.otf></home/lars/.local/texlive/2018/texmf-dist/fonts/opentype/public/
firamath/FiraMath-Regular.otf></home/lars/.local/texlive/2018/texmf-dist/fonts/o
pentype/public/firamath/FiraMath-Regular.otf></home/lars/.local/texlive/2018/tex
mf-dist/fonts/opentype/public/fira/FiraSans-Medium.otf></home/lars/.local/texliv
e/2018/texmf-dist/fonts/opentype/public/fira/FiraSans-Light.otf>
Output written on Strukturfunktionen.pdf (32 pages, 6642040 bytes).

PDF statistics: 429 PDF objects out of 1000 (max. 8388607)
 328 compressed objects within 4 object streams
 80 named destinations out of 1000 (max. 131072)
 136 words of extra memory for PDF output out of 10000 (max. 100000000)

